This is pdfTeX, Version 3.141592653-2.6-1.40.25 (TeX Live 2023) (preloaded format=pdflatex 2023.9.4)  15 NOV 2024 22:16
entering extended mode
 restricted \write18 enabled.
 %&-line parsing enabled.
**"GEONU Docs.tex"
(./GEONU Docs.tex
LaTeX2e <2022-11-01> patch level 1
L3 programming layer <2023-02-22> (d:/Book-Begin.tex
(c:/texlive/2023/texmf-dist/tex/latex/base/book.cls
Document Class: book 2022/07/02 v1.4n Standard LaTeX document class
(c:/texlive/2023/texmf-dist/tex/latex/base/bk10.clo
File: bk10.clo 2022/07/02 v1.4n Standard LaTeX file (size option)
)
\c@part=\count185
\c@chapter=\count186
\c@section=\count187
\c@subsection=\count188
\c@subsubsection=\count189
\c@paragraph=\count190
\c@subparagraph=\count191
\c@figure=\count192
\c@table=\count193
\abovecaptionskip=\skip48
\belowcaptionskip=\skip49
\bibindent=\dimen140
)
(c:/texlive/2023/texmf-dist/tex/latex/geometry/geometry.sty
Package: geometry 2020/01/02 v5.9 Page Geometry

(c:/texlive/2023/texmf-dist/tex/latex/graphics/keyval.sty
Package: keyval 2022/05/29 v1.15 key=value parser (DPC)
\KV@toks@=\toks16
)
(c:/texlive/2023/texmf-dist/tex/generic/iftex/ifvtex.sty
Package: ifvtex 2019/10/25 v1.7 ifvtex legacy package. Use iftex instead.

(c:/texlive/2023/texmf-dist/tex/generic/iftex/iftex.sty
Package: iftex 2022/02/03 v1.0f TeX engine tests
))
\Gm@cnth=\count194
\Gm@cntv=\count195
\c@Gm@tempcnt=\count196
\Gm@bindingoffset=\dimen141
\Gm@wd@mp=\dimen142
\Gm@odd@mp=\dimen143
\Gm@even@mp=\dimen144
\Gm@layoutwidth=\dimen145
\Gm@layoutheight=\dimen146
\Gm@layouthoffset=\dimen147
\Gm@layoutvoffset=\dimen148
\Gm@dimlist=\toks17
)
(c:/texlive/2023/texmf-dist/tex/latex/graphics/color.sty
Package: color 2022/01/06 v1.3d Standard LaTeX Color (DPC)

(c:/texlive/2023/texmf-dist/tex/latex/graphics-cfg/color.cfg
File: color.cfg 2016/01/02 v1.6 sample color configuration
)
Package color Info: Driver file: pdftex.def on input line 149.

(c:/texlive/2023/texmf-dist/tex/latex/graphics-def/pdftex.def
File: pdftex.def 2022/09/22 v1.2b Graphics/color driver for pdftex
)
(c:/texlive/2023/texmf-dist/tex/latex/graphics/mathcolor.ltx))
(c:/texlive/2023/texmf-dist/tex/latex/amsmath/amsmath.sty
Package: amsmath 2022/04/08 v2.17n AMS math features
\@mathmargin=\skip50

For additional information on amsmath, use the `?' option.
(c:/texlive/2023/texmf-dist/tex/latex/amsmath/amstext.sty
Package: amstext 2021/08/26 v2.01 AMS text

(c:/texlive/2023/texmf-dist/tex/latex/amsmath/amsgen.sty
File: amsgen.sty 1999/11/30 v2.0 generic functions
\@emptytoks=\toks18
\ex@=\dimen149
))
(c:/texlive/2023/texmf-dist/tex/latex/amsmath/amsbsy.sty
Package: amsbsy 1999/11/29 v1.2d Bold Symbols
\pmbraise@=\dimen150
)
(c:/texlive/2023/texmf-dist/tex/latex/amsmath/amsopn.sty
Package: amsopn 2022/04/08 v2.04 operator names
)
\inf@bad=\count197
LaTeX Info: Redefining \frac on input line 234.
\uproot@=\count198
\leftroot@=\count199
LaTeX Info: Redefining \overline on input line 399.
LaTeX Info: Redefining \colon on input line 410.
\classnum@=\count266
\DOTSCASE@=\count267
LaTeX Info: Redefining \ldots on input line 496.
LaTeX Info: Redefining \dots on input line 499.
LaTeX Info: Redefining \cdots on input line 620.
\Mathstrutbox@=\box51
\strutbox@=\box52
LaTeX Info: Redefining \big on input line 722.
LaTeX Info: Redefining \Big on input line 723.
LaTeX Info: Redefining \bigg on input line 724.
LaTeX Info: Redefining \Bigg on input line 725.
\big@size=\dimen151
LaTeX Font Info:    Redeclaring font encoding OML on input line 743.
LaTeX Font Info:    Redeclaring font encoding OMS on input line 744.
\macc@depth=\count268
LaTeX Info: Redefining \bmod on input line 905.
LaTeX Info: Redefining \pmod on input line 910.
LaTeX Info: Redefining \smash on input line 940.
LaTeX Info: Redefining \relbar on input line 970.
LaTeX Info: Redefining \Relbar on input line 971.
\c@MaxMatrixCols=\count269
\dotsspace@=\muskip16
\c@parentequation=\count270
\dspbrk@lvl=\count271
\tag@help=\toks19
\row@=\count272
\column@=\count273
\maxfields@=\count274
\andhelp@=\toks20
\eqnshift@=\dimen152
\alignsep@=\dimen153
\tagshift@=\dimen154
\tagwidth@=\dimen155
\totwidth@=\dimen156
\lineht@=\dimen157
\@envbody=\toks21
\multlinegap=\skip51
\multlinetaggap=\skip52
\mathdisplay@stack=\toks22
LaTeX Info: Redefining \[ on input line 2953.
LaTeX Info: Redefining \] on input line 2954.
)
(c:/texlive/2023/texmf-dist/tex/latex/amsfonts/amssymb.sty
Package: amssymb 2013/01/14 v3.01 AMS font symbols

(c:/texlive/2023/texmf-dist/tex/latex/amsfonts/amsfonts.sty
Package: amsfonts 2013/01/14 v3.01 Basic AMSFonts support
\symAMSa=\mathgroup4
\symAMSb=\mathgroup5
LaTeX Font Info:    Redeclaring math symbol \hbar on input line 98.
LaTeX Font Info:    Overwriting math alphabet `\mathfrak' in version `bold'
(Font)                  U/euf/m/n --> U/euf/b/n on input line 106.
))
(c:/texlive/2023/texmf-dist/tex/latex/tools/bm.sty
Package: bm 2022/01/05 v1.2f Bold Symbol Support (DPC/FMi)
\symboldoperators=\mathgroup6
\symboldletters=\mathgroup7
\symboldsymbols=\mathgroup8
Package bm Info: No bold for \OMX/cmex/m/n, using \pmb.
Package bm Info: No bold for \U/msa/m/n, using \pmb.
Package bm Info: No bold for \U/msb/m/n, using \pmb.
LaTeX Font Info:    Redeclaring math alphabet \mathbf on input line 149.
)
(c:/texlive/2023/texmf-dist/tex/latex/jknapltx/mathrsfs.sty
Package: mathrsfs 1996/01/01 Math RSFS package v1.0 (jk)
\symrsfs=\mathgroup9
)
(c:/texlive/2023/texmf-dist/tex/latex/gensymb/gensymb.sty
Package: gensymb 2022/10/17 v1.0.2 (KJH)
)
(c:/texlive/2023/texmf-dist/tex/latex/xcolor/xcolor.sty
Package: xcolor 2022/06/12 v2.14 LaTeX color extensions (UK)

(c:/texlive/2023/texmf-dist/tex/latex/graphics-cfg/color.cfg
File: color.cfg 2016/01/02 v1.6 sample color configuration
)
Package xcolor Info: Driver file: pdftex.def on input line 227.
LaTeX Info: Redefining \color on input line 711.

(c:/texlive/2023/texmf-dist/tex/latex/graphics/mathcolor.ltx)
Package xcolor Info: Model `cmy' substituted by `cmy0' on input line 1353.
Package xcolor Info: Model `hsb' substituted by `rgb' on input line 1357.
Package xcolor Info: Model `RGB' extended on input line 1369.
Package xcolor Info: Model `HTML' substituted by `rgb' on input line 1371.
Package xcolor Info: Model `Hsb' substituted by `hsb' on input line 1372.
Package xcolor Info: Model `tHsb' substituted by `hsb' on input line 1373.
Package xcolor Info: Model `HSB' substituted by `hsb' on input line 1374.
Package xcolor Info: Model `Gray' substituted by `gray' on input line 1375.
Package xcolor Info: Model `wave' substituted by `hsb' on input line 1376.

(c:/texlive/2023/texmf-dist/tex/latex/graphics/dvipsnam.def
File: dvipsnam.def 2016/06/17 v3.0m Driver-dependent file (DPC,SPQR)
)
(c:/texlive/2023/texmf-dist/tex/latex/xcolor/svgnam.def
File: svgnam.def 2022/06/12 v2.14 Predefined colors according to SVG 1.1 (UK)
)
(c:/texlive/2023/texmf-dist/tex/latex/xcolor/x11nam.def
File: x11nam.def 2022/06/12 v2.14 Predefined colors according to Unix/X11 (UK)
))
(c:/texlive/2023/texmf-dist/tex/latex/tcolorbox/tcolorbox.sty
Package: tcolorbox 2023/02/12 version 6.0.1 text color boxes

(c:/texlive/2023/texmf-dist/tex/latex/pgf/basiclayer/pgf.sty
(c:/texlive/2023/texmf-dist/tex/latex/pgf/utilities/pgfrcs.sty
(c:/texlive/2023/texmf-dist/tex/generic/pgf/utilities/pgfutil-common.tex
\pgfutil@everybye=\toks23
\pgfutil@tempdima=\dimen158
\pgfutil@tempdimb=\dimen159
)
(c:/texlive/2023/texmf-dist/tex/generic/pgf/utilities/pgfutil-latex.def
\pgfutil@abb=\box53
)
(c:/texlive/2023/texmf-dist/tex/generic/pgf/utilities/pgfrcs.code.tex
(c:/texlive/2023/texmf-dist/tex/generic/pgf/pgf.revision.tex)
Package: pgfrcs 2023-01-15 v3.1.10 (3.1.10)
))
Package: pgf 2023-01-15 v3.1.10 (3.1.10)

(c:/texlive/2023/texmf-dist/tex/latex/pgf/basiclayer/pgfcore.sty
(c:/texlive/2023/texmf-dist/tex/latex/graphics/graphicx.sty
Package: graphicx 2021/09/16 v1.2d Enhanced LaTeX Graphics (DPC,SPQR)

(c:/texlive/2023/texmf-dist/tex/latex/graphics/graphics.sty
Package: graphics 2022/03/10 v1.4e Standard LaTeX Graphics (DPC,SPQR)

(c:/texlive/2023/texmf-dist/tex/latex/graphics/trig.sty
Package: trig 2021/08/11 v1.11 sin cos tan (DPC)
)
(c:/texlive/2023/texmf-dist/tex/latex/graphics-cfg/graphics.cfg
File: graphics.cfg 2016/06/04 v1.11 sample graphics configuration
)
Package graphics Info: Driver file: pdftex.def on input line 107.
)
\Gin@req@height=\dimen160
\Gin@req@width=\dimen161
)
(c:/texlive/2023/texmf-dist/tex/latex/pgf/systemlayer/pgfsys.sty
(c:/texlive/2023/texmf-dist/tex/generic/pgf/systemlayer/pgfsys.code.tex
Package: pgfsys 2023-01-15 v3.1.10 (3.1.10)

(c:/texlive/2023/texmf-dist/tex/generic/pgf/utilities/pgfkeys.code.tex
\pgfkeys@pathtoks=\toks24
\pgfkeys@temptoks=\toks25

(c:/texlive/2023/texmf-dist/tex/generic/pgf/utilities/pgfkeyslibraryfiltered.co
de.tex
\pgfkeys@tmptoks=\toks26
))
\pgf@x=\dimen162
\pgf@y=\dimen163
\pgf@xa=\dimen164
\pgf@ya=\dimen165
\pgf@xb=\dimen166
\pgf@yb=\dimen167
\pgf@xc=\dimen168
\pgf@yc=\dimen169
\pgf@xd=\dimen170
\pgf@yd=\dimen171
\w@pgf@writea=\write3
\r@pgf@reada=\read2
\c@pgf@counta=\count275
\c@pgf@countb=\count276
\c@pgf@countc=\count277
\c@pgf@countd=\count278
\t@pgf@toka=\toks27
\t@pgf@tokb=\toks28
\t@pgf@tokc=\toks29
\pgf@sys@id@count=\count279
 (c:/texlive/2023/texmf-dist/tex/generic/pgf/systemlayer/pgf.cfg
File: pgf.cfg 2023-01-15 v3.1.10 (3.1.10)
)
Driver file for pgf: pgfsys-pdftex.def

(c:/texlive/2023/texmf-dist/tex/generic/pgf/systemlayer/pgfsys-pdftex.def
File: pgfsys-pdftex.def 2023-01-15 v3.1.10 (3.1.10)

(c:/texlive/2023/texmf-dist/tex/generic/pgf/systemlayer/pgfsys-common-pdf.def
File: pgfsys-common-pdf.def 2023-01-15 v3.1.10 (3.1.10)
)))
(c:/texlive/2023/texmf-dist/tex/generic/pgf/systemlayer/pgfsyssoftpath.code.tex
File: pgfsyssoftpath.code.tex 2023-01-15 v3.1.10 (3.1.10)
\pgfsyssoftpath@smallbuffer@items=\count280
\pgfsyssoftpath@bigbuffer@items=\count281
)
(c:/texlive/2023/texmf-dist/tex/generic/pgf/systemlayer/pgfsysprotocol.code.tex
File: pgfsysprotocol.code.tex 2023-01-15 v3.1.10 (3.1.10)
)) (c:/texlive/2023/texmf-dist/tex/generic/pgf/basiclayer/pgfcore.code.tex
Package: pgfcore 2023-01-15 v3.1.10 (3.1.10)

(c:/texlive/2023/texmf-dist/tex/generic/pgf/math/pgfmath.code.tex
(c:/texlive/2023/texmf-dist/tex/generic/pgf/math/pgfmathutil.code.tex)
(c:/texlive/2023/texmf-dist/tex/generic/pgf/math/pgfmathparser.code.tex
\pgfmath@dimen=\dimen172
\pgfmath@count=\count282
\pgfmath@box=\box54
\pgfmath@toks=\toks30
\pgfmath@stack@operand=\toks31
\pgfmath@stack@operation=\toks32
)
(c:/texlive/2023/texmf-dist/tex/generic/pgf/math/pgfmathfunctions.code.tex)
(c:/texlive/2023/texmf-dist/tex/generic/pgf/math/pgfmathfunctions.basic.code.te
x)
(c:/texlive/2023/texmf-dist/tex/generic/pgf/math/pgfmathfunctions.trigonometric
.code.tex)
(c:/texlive/2023/texmf-dist/tex/generic/pgf/math/pgfmathfunctions.random.code.t
ex)
(c:/texlive/2023/texmf-dist/tex/generic/pgf/math/pgfmathfunctions.comparison.co
de.tex)
(c:/texlive/2023/texmf-dist/tex/generic/pgf/math/pgfmathfunctions.base.code.tex
)
(c:/texlive/2023/texmf-dist/tex/generic/pgf/math/pgfmathfunctions.round.code.te
x)
(c:/texlive/2023/texmf-dist/tex/generic/pgf/math/pgfmathfunctions.misc.code.tex
)
(c:/texlive/2023/texmf-dist/tex/generic/pgf/math/pgfmathfunctions.integerarithm
etics.code.tex)
(c:/texlive/2023/texmf-dist/tex/generic/pgf/math/pgfmathcalc.code.tex)
(c:/texlive/2023/texmf-dist/tex/generic/pgf/math/pgfmathfloat.code.tex
\c@pgfmathroundto@lastzeros=\count283
))
(c:/texlive/2023/texmf-dist/tex/generic/pgf/math/pgfint.code.tex)
(c:/texlive/2023/texmf-dist/tex/generic/pgf/basiclayer/pgfcorepoints.code.tex
File: pgfcorepoints.code.tex 2023-01-15 v3.1.10 (3.1.10)
\pgf@picminx=\dimen173
\pgf@picmaxx=\dimen174
\pgf@picminy=\dimen175
\pgf@picmaxy=\dimen176
\pgf@pathminx=\dimen177
\pgf@pathmaxx=\dimen178
\pgf@pathminy=\dimen179
\pgf@pathmaxy=\dimen180
\pgf@xx=\dimen181
\pgf@xy=\dimen182
\pgf@yx=\dimen183
\pgf@yy=\dimen184
\pgf@zx=\dimen185
\pgf@zy=\dimen186
)
(c:/texlive/2023/texmf-dist/tex/generic/pgf/basiclayer/pgfcorepathconstruct.cod
e.tex
File: pgfcorepathconstruct.code.tex 2023-01-15 v3.1.10 (3.1.10)
\pgf@path@lastx=\dimen187
\pgf@path@lasty=\dimen188
)
(c:/texlive/2023/texmf-dist/tex/generic/pgf/basiclayer/pgfcorepathusage.code.te
x
File: pgfcorepathusage.code.tex 2023-01-15 v3.1.10 (3.1.10)
\pgf@shorten@end@additional=\dimen189
\pgf@shorten@start@additional=\dimen190
)
(c:/texlive/2023/texmf-dist/tex/generic/pgf/basiclayer/pgfcorescopes.code.tex
File: pgfcorescopes.code.tex 2023-01-15 v3.1.10 (3.1.10)
\pgfpic=\box55
\pgf@hbox=\box56
\pgf@layerbox@main=\box57
\pgf@picture@serial@count=\count284
)
(c:/texlive/2023/texmf-dist/tex/generic/pgf/basiclayer/pgfcoregraphicstate.code
.tex
File: pgfcoregraphicstate.code.tex 2023-01-15 v3.1.10 (3.1.10)
\pgflinewidth=\dimen191
)
(c:/texlive/2023/texmf-dist/tex/generic/pgf/basiclayer/pgfcoretransformations.c
ode.tex
File: pgfcoretransformations.code.tex 2023-01-15 v3.1.10 (3.1.10)
\pgf@pt@x=\dimen192
\pgf@pt@y=\dimen193
\pgf@pt@temp=\dimen194
)
(c:/texlive/2023/texmf-dist/tex/generic/pgf/basiclayer/pgfcorequick.code.tex
File: pgfcorequick.code.tex 2023-01-15 v3.1.10 (3.1.10)
)
(c:/texlive/2023/texmf-dist/tex/generic/pgf/basiclayer/pgfcoreobjects.code.tex
File: pgfcoreobjects.code.tex 2023-01-15 v3.1.10 (3.1.10)
)
(c:/texlive/2023/texmf-dist/tex/generic/pgf/basiclayer/pgfcorepathprocessing.co
de.tex
File: pgfcorepathprocessing.code.tex 2023-01-15 v3.1.10 (3.1.10)
)
(c:/texlive/2023/texmf-dist/tex/generic/pgf/basiclayer/pgfcorearrows.code.tex
File: pgfcorearrows.code.tex 2023-01-15 v3.1.10 (3.1.10)
\pgfarrowsep=\dimen195
)
(c:/texlive/2023/texmf-dist/tex/generic/pgf/basiclayer/pgfcoreshade.code.tex
File: pgfcoreshade.code.tex 2023-01-15 v3.1.10 (3.1.10)
\pgf@max=\dimen196
\pgf@sys@shading@range@num=\count285
\pgf@shadingcount=\count286
)
(c:/texlive/2023/texmf-dist/tex/generic/pgf/basiclayer/pgfcoreimage.code.tex
File: pgfcoreimage.code.tex 2023-01-15 v3.1.10 (3.1.10)
)
(c:/texlive/2023/texmf-dist/tex/generic/pgf/basiclayer/pgfcoreexternal.code.tex
File: pgfcoreexternal.code.tex 2023-01-15 v3.1.10 (3.1.10)
\pgfexternal@startupbox=\box58
) (c:/texlive/2023/texmf-dist/tex/generic/pgf/basiclayer/pgfcorelayers.code.tex
File: pgfcorelayers.code.tex 2023-01-15 v3.1.10 (3.1.10)
)
(c:/texlive/2023/texmf-dist/tex/generic/pgf/basiclayer/pgfcoretransparency.code
.tex
File: pgfcoretransparency.code.tex 2023-01-15 v3.1.10 (3.1.10)
)
(c:/texlive/2023/texmf-dist/tex/generic/pgf/basiclayer/pgfcorepatterns.code.tex
File: pgfcorepatterns.code.tex 2023-01-15 v3.1.10 (3.1.10)
) (c:/texlive/2023/texmf-dist/tex/generic/pgf/basiclayer/pgfcorerdf.code.tex
File: pgfcorerdf.code.tex 2023-01-15 v3.1.10 (3.1.10)
))) (c:/texlive/2023/texmf-dist/tex/generic/pgf/modules/pgfmoduleshapes.code.te
x
File: pgfmoduleshapes.code.tex 2023-01-15 v3.1.10 (3.1.10)
\pgfnodeparttextbox=\box59
)
(c:/texlive/2023/texmf-dist/tex/generic/pgf/modules/pgfmoduleplot.code.tex
File: pgfmoduleplot.code.tex 2023-01-15 v3.1.10 (3.1.10)
)
(c:/texlive/2023/texmf-dist/tex/latex/pgf/compatibility/pgfcomp-version-0-65.st
y
Package: pgfcomp-version-0-65 2023-01-15 v3.1.10 (3.1.10)
\pgf@nodesepstart=\dimen197
\pgf@nodesepend=\dimen198
)
(c:/texlive/2023/texmf-dist/tex/latex/pgf/compatibility/pgfcomp-version-1-18.st
y
Package: pgfcomp-version-1-18 2023-01-15 v3.1.10 (3.1.10)
)) (c:/texlive/2023/texmf-dist/tex/latex/tools/verbatim.sty
Package: verbatim 2022-07-02 v1.5u LaTeX2e package for verbatim enhancements
\every@verbatim=\toks33
\verbatim@line=\toks34
\verbatim@in@stream=\read3
)
(c:/texlive/2023/texmf-dist/tex/latex/environ/environ.sty
Package: environ 2014/05/04 v0.3 A new way to define environments

(c:/texlive/2023/texmf-dist/tex/latex/trimspaces/trimspaces.sty
Package: trimspaces 2009/09/17 v1.1 Trim spaces around a token list
))
(c:/texlive/2023/texmf-dist/tex/latex/etoolbox/etoolbox.sty
Package: etoolbox 2020/10/05 v2.5k e-TeX tools for LaTeX (JAW)
\etb@tempcnta=\count287
)
\tcb@titlebox=\box60
\tcb@upperbox=\box61
\tcb@lowerbox=\box62
\tcb@phantombox=\box63
\c@tcbbreakpart=\count288
\c@tcblayer=\count289
\c@tcolorbox@number=\count290
\tcb@temp=\box64
\tcb@temp=\box65
\tcb@temp=\box66
\tcb@temp=\box67
)
(c:/texlive/2023/texmf-dist/tex/latex/tcolorbox/tcbskins.code.tex
Library (tcolorbox): 'tcbskins.code.tex' version '6.0.1'
(c:/texlive/2023/texmf-dist/tex/latex/pgf/frontendlayer/tikz.sty
(c:/texlive/2023/texmf-dist/tex/latex/pgf/utilities/pgffor.sty
(c:/texlive/2023/texmf-dist/tex/latex/pgf/utilities/pgfkeys.sty
(c:/texlive/2023/texmf-dist/tex/generic/pgf/utilities/pgfkeys.code.tex))
(c:/texlive/2023/texmf-dist/tex/latex/pgf/math/pgfmath.sty
(c:/texlive/2023/texmf-dist/tex/generic/pgf/math/pgfmath.code.tex))
(c:/texlive/2023/texmf-dist/tex/generic/pgf/utilities/pgffor.code.tex
Package: pgffor 2023-01-15 v3.1.10 (3.1.10)
\pgffor@iter=\dimen199
\pgffor@skip=\dimen256
\pgffor@stack=\toks35
\pgffor@toks=\toks36
))
(c:/texlive/2023/texmf-dist/tex/generic/pgf/frontendlayer/tikz/tikz.code.tex
Package: tikz 2023-01-15 v3.1.10 (3.1.10)

(c:/texlive/2023/texmf-dist/tex/generic/pgf/libraries/pgflibraryplothandlers.co
de.tex
File: pgflibraryplothandlers.code.tex 2023-01-15 v3.1.10 (3.1.10)
\pgf@plot@mark@count=\count291
\pgfplotmarksize=\dimen257
)
\tikz@lastx=\dimen258
\tikz@lasty=\dimen259
\tikz@lastxsaved=\dimen260
\tikz@lastysaved=\dimen261
\tikz@lastmovetox=\dimen262
\tikz@lastmovetoy=\dimen263
\tikzleveldistance=\dimen264
\tikzsiblingdistance=\dimen265
\tikz@figbox=\box68
\tikz@figbox@bg=\box69
\tikz@tempbox=\box70
\tikz@tempbox@bg=\box71
\tikztreelevel=\count292
\tikznumberofchildren=\count293
\tikznumberofcurrentchild=\count294
\tikz@fig@count=\count295

(c:/texlive/2023/texmf-dist/tex/generic/pgf/modules/pgfmodulematrix.code.tex
File: pgfmodulematrix.code.tex 2023-01-15 v3.1.10 (3.1.10)
\pgfmatrixcurrentrow=\count296
\pgfmatrixcurrentcolumn=\count297
\pgf@matrix@numberofcolumns=\count298
)
\tikz@expandcount=\count299

(c:/texlive/2023/texmf-dist/tex/generic/pgf/frontendlayer/tikz/libraries/tikzli
brarytopaths.code.tex
File: tikzlibrarytopaths.code.tex 2023-01-15 v3.1.10 (3.1.10)
)))
(c:/texlive/2023/texmf-dist/tex/latex/tikzfill/tikzfill.image.sty
Package: tikzfill.image 2022/07/20 v1.0.0 Image filling library for TikZ

(c:/texlive/2023/texmf-dist/tex/latex/tikzfill/tikzfill-common.sty
Package: tikzfill-common 2022/07/20 v1.0.0 Auxiliary code for tikzfill
)
(c:/texlive/2023/texmf-dist/tex/latex/tikzfill/tikzlibraryfill.image.code.tex
File: tikzlibraryfill.image.code.tex 2022/07/20 v1.0.0 Image filling library
\l__tikzfill_img_box=\box72
)) (c:/texlive/2023/texmf-dist/tex/latex/tcolorbox/tcbskinsjigsaw.code.tex
Library (tcolorbox): 'tcbskinsjigsaw.code.tex' version '6.0.1'
)) (c:/texlive/2023/texmf-dist/tex/latex/tcolorbox/tcbbreakable.code.tex
Library (tcolorbox): 'tcbbreakable.code.tex' version '6.0.1'
(c:/texlive/2023/texmf-dist/tex/latex/pdfcol/pdfcol.sty
Package: pdfcol 2022-09-21 v1.7 Handle new color stacks for pdfTeX (HO)

(c:/texlive/2023/texmf-dist/tex/generic/ltxcmds/ltxcmds.sty
Package: ltxcmds 2020-05-10 v1.25 LaTeX kernel commands for general use (HO)
)
(c:/texlive/2023/texmf-dist/tex/generic/infwarerr/infwarerr.sty
Package: infwarerr 2019/12/03 v1.5 Providing info/warning/error messages (HO)
))
Package pdfcol Info: New color stack `tcb@breakable' = 1 on input line 23.
\tcb@testbox=\box73
\tcb@totalupperbox=\box74
\tcb@totallowerbox=\box75
)
(c:/texlive/2023/texmf-dist/tex/latex/tcolorbox/tcbtheorems.code.tex
Library (tcolorbox): 'tcbtheorems.code.tex' version '6.0.1'
) (c:/texlive/2023/texmf-dist/tex/latex/bookmark/bookmark.sty
Package: bookmark 2020-11-06 v1.29 PDF bookmarks (HO)

(c:/texlive/2023/texmf-dist/tex/latex/hyperref/hyperref.sty
Package: hyperref 2023-02-07 v7.00v Hypertext links for LaTeX

(c:/texlive/2023/texmf-dist/tex/generic/pdftexcmds/pdftexcmds.sty
Package: pdftexcmds 2020-06-27 v0.33 Utility functions of pdfTeX for LuaTeX (HO
)
Package pdftexcmds Info: \pdf@primitive is available.
Package pdftexcmds Info: \pdf@ifprimitive is available.
Package pdftexcmds Info: \pdfdraftmode found.
)
(c:/texlive/2023/texmf-dist/tex/latex/kvsetkeys/kvsetkeys.sty
Package: kvsetkeys 2022-10-05 v1.19 Key value parser (HO)
)
(c:/texlive/2023/texmf-dist/tex/generic/kvdefinekeys/kvdefinekeys.sty
Package: kvdefinekeys 2019-12-19 v1.6 Define keys (HO)
)
(c:/texlive/2023/texmf-dist/tex/generic/pdfescape/pdfescape.sty
Package: pdfescape 2019/12/09 v1.15 Implements pdfTeX's escape features (HO)
)
(c:/texlive/2023/texmf-dist/tex/latex/hycolor/hycolor.sty
Package: hycolor 2020-01-27 v1.10 Color options for hyperref/bookmark (HO)
)
(c:/texlive/2023/texmf-dist/tex/latex/letltxmacro/letltxmacro.sty
Package: letltxmacro 2019/12/03 v1.6 Let assignment for LaTeX macros (HO)
)
(c:/texlive/2023/texmf-dist/tex/latex/auxhook/auxhook.sty
Package: auxhook 2019-12-17 v1.6 Hooks for auxiliary files (HO)
)
(c:/texlive/2023/texmf-dist/tex/latex/hyperref/nameref.sty
Package: nameref 2022-05-17 v2.50 Cross-referencing by name of section

(c:/texlive/2023/texmf-dist/tex/latex/refcount/refcount.sty
Package: refcount 2019/12/15 v3.6 Data extraction from label references (HO)
)
(c:/texlive/2023/texmf-dist/tex/generic/gettitlestring/gettitlestring.sty
Package: gettitlestring 2019/12/15 v1.6 Cleanup title references (HO)

(c:/texlive/2023/texmf-dist/tex/latex/kvoptions/kvoptions.sty
Package: kvoptions 2022-06-15 v3.15 Key value format for package options (HO)
))
\c@section@level=\count300
)
\@linkdim=\dimen266
\Hy@linkcounter=\count301
\Hy@pagecounter=\count302

(c:/texlive/2023/texmf-dist/tex/latex/hyperref/pd1enc.def
File: pd1enc.def 2023-02-07 v7.00v Hyperref: PDFDocEncoding definition (HO)
Now handling font encoding PD1 ...
... no UTF-8 mapping file for font encoding PD1
)
(c:/texlive/2023/texmf-dist/tex/generic/intcalc/intcalc.sty
Package: intcalc 2019/12/15 v1.3 Expandable calculations with integers (HO)
)
(c:/texlive/2023/texmf-dist/tex/generic/etexcmds/etexcmds.sty
Package: etexcmds 2019/12/15 v1.7 Avoid name clashes with e-TeX commands (HO)
)
\Hy@SavedSpaceFactor=\count303

(c:/texlive/2023/texmf-dist/tex/latex/hyperref/puenc.def
File: puenc.def 2023-02-07 v7.00v Hyperref: PDF Unicode definition (HO)
Now handling font encoding PU ...
... no UTF-8 mapping file for font encoding PU
)
Package hyperref Info: Hyper figures OFF on input line 4177.
Package hyperref Info: Link nesting OFF on input line 4182.
Package hyperref Info: Hyper index ON on input line 4185.
Package hyperref Info: Plain pages OFF on input line 4192.
Package hyperref Info: Backreferencing OFF on input line 4197.
Package hyperref Info: Implicit mode ON; LaTeX internals redefined.
Package hyperref Info: Bookmarks ON on input line 4425.
\c@Hy@tempcnt=\count304

(c:/texlive/2023/texmf-dist/tex/latex/url/url.sty
\Urlmuskip=\muskip17
Package: url 2013/09/16  ver 3.4  Verb mode for urls, etc.
)
LaTeX Info: Redefining \url on input line 4763.
\XeTeXLinkMargin=\dimen267

(c:/texlive/2023/texmf-dist/tex/generic/bitset/bitset.sty
Package: bitset 2019/12/09 v1.3 Handle bit-vector datatype (HO)

(c:/texlive/2023/texmf-dist/tex/generic/bigintcalc/bigintcalc.sty
Package: bigintcalc 2019/12/15 v1.5 Expandable calculations on big integers (HO
)
))
\Fld@menulength=\count305
\Field@Width=\dimen268
\Fld@charsize=\dimen269
Package hyperref Info: Hyper figures OFF on input line 6042.
Package hyperref Info: Link nesting OFF on input line 6047.
Package hyperref Info: Hyper index ON on input line 6050.
Package hyperref Info: backreferencing OFF on input line 6057.
Package hyperref Info: Link coloring OFF on input line 6062.
Package hyperref Info: Link coloring with OCG OFF on input line 6067.
Package hyperref Info: PDF/A mode OFF on input line 6072.

(c:/texlive/2023/texmf-dist/tex/latex/base/atbegshi-ltx.sty
Package: atbegshi-ltx 2021/01/10 v1.0c Emulation of the original atbegshi
package with kernel methods
)
\Hy@abspage=\count306
\c@Item=\count307
\c@Hfootnote=\count308
)
Package hyperref Info: Driver (autodetected): hpdftex.

(c:/texlive/2023/texmf-dist/tex/latex/hyperref/hpdftex.def
File: hpdftex.def 2023-02-07 v7.00v Hyperref driver for pdfTeX

(c:/texlive/2023/texmf-dist/tex/latex/base/atveryend-ltx.sty
Package: atveryend-ltx 2020/08/19 v1.0a Emulation of the original atveryend pac
kage
with kernel methods
)
\Fld@listcount=\count309
\c@bookmark@seq@number=\count310

(c:/texlive/2023/texmf-dist/tex/latex/rerunfilecheck/rerunfilecheck.sty
Package: rerunfilecheck 2022-07-10 v1.10 Rerun checks for auxiliary files (HO)

(c:/texlive/2023/texmf-dist/tex/generic/uniquecounter/uniquecounter.sty
Package: uniquecounter 2019/12/15 v1.4 Provide unlimited unique counter (HO)
)
Package uniquecounter Info: New unique counter `rerunfilecheck' on input line 2
85.
)
\Hy@SectionHShift=\skip53
)
(c:/texlive/2023/texmf-dist/tex/latex/bookmark/bkm-pdftex.def
File: bkm-pdftex.def 2020-11-06 v1.29 bookmark driver for pdfTeX (HO)
\BKM@id=\count311
))
(c:/texlive/2023/texmf-dist/tex/latex/cancel/cancel.sty
Package: cancel 2013/04/12 v2.2 Cancel math terms
)
(c:/texlive/2023/texmf-dist/tex/latex/diagbox/diagbox.sty
Package: diagbox 2020/02/09 v2.3 Making table heads with diagonal lines

(c:/texlive/2023/texmf-dist/tex/latex/pict2e/pict2e.sty
Package: pict2e 2020/09/30 v0.4b Improved picture commands (HjG,RN,JT)

(c:/texlive/2023/texmf-dist/tex/latex/pict2e/pict2e.cfg
File: pict2e.cfg 2016/02/05 v0.1u pict2e configuration for teTeX/TeXLive
)
Package pict2e Info: Driver file: pdftex.def on input line 112.
Package pict2e Info: Driver file for pict2e: p2e-pdftex.def on input line 114.

(c:/texlive/2023/texmf-dist/tex/latex/pict2e/p2e-pdftex.def
File: p2e-pdftex.def 2016/02/05 v0.1u Driver-dependant file (RN,HjG,JT)
)
\pIIe@GRAPH=\toks37
\@arclen=\dimen270
\@arcrad=\dimen271
\pIIe@tempdima=\dimen272
\pIIe@tempdimb=\dimen273
\pIIe@tempdimc=\dimen274
\pIIe@tempdimd=\dimen275
\pIIe@tempdime=\dimen276
\pIIe@tempdimf=\dimen277
)
(c:/texlive/2023/texmf-dist/tex/latex/tools/calc.sty
Package: calc 2017/05/25 v4.3 Infix arithmetic (KKT,FJ)
\calc@Acount=\count312
\calc@Bcount=\count313
\calc@Adimen=\dimen278
\calc@Bdimen=\dimen279
\calc@Askip=\skip54
\calc@Bskip=\skip55
LaTeX Info: Redefining \setlength on input line 80.
LaTeX Info: Redefining \addtolength on input line 81.
\calc@Ccount=\count314
\calc@Cskip=\skip56
)
(c:/texlive/2023/texmf-dist/tex/latex/tools/array.sty
Package: array 2022/09/04 v2.5g Tabular extension package (FMi)
\col@sep=\dimen280
\ar@mcellbox=\box76
\extrarowheight=\dimen281
\NC@list=\toks38
\extratabsurround=\skip57
\backup@length=\skip58
\ar@cellbox=\box77
)
\diagbox@boxa=\box78
\diagbox@boxb=\box79
\diagbox@boxm=\box80
\diagbox@wd=\dimen282
\diagbox@ht=\dimen283
\diagbox@insepl=\dimen284
\diagbox@insepr=\dimen285
\diagbox@outsepl=\dimen286
\diagbox@outsepr=\dimen287
)
(c:/texlive/2023/texmf-dist/tex/latex/caption/caption.sty
Package: caption 2023/03/12 v3.6j Customizing captions (AR)

(c:/texlive/2023/texmf-dist/tex/latex/caption/caption3.sty
Package: caption3 2023/03/12 v2.4 caption3 kernel (AR)
\caption@tempdima=\dimen288
\captionmargin=\dimen289
\caption@leftmargin=\dimen290
\caption@rightmargin=\dimen291
\caption@width=\dimen292
\caption@indent=\dimen293
\caption@parindent=\dimen294
\caption@hangindent=\dimen295
Package caption Info: Standard document class detected.
)
\c@caption@flags=\count315
\c@continuedfloat=\count316
Package caption Info: hyperref package is loaded.
)
(c:/texlive/2023/texmf-dist/tex/latex/cite/cite.sty
LaTeX Info: Redefining \cite on input line 302.
LaTeX Info: Redefining \nocite on input line 332.
Package: cite 2015/02/27  v 5.5
)
(c:/texlive/2023/texmf-dist/tex/latex/cases/cases.sty
Package: cases 2020/03/29 ver 3.2
\numc@numwid=\dimen296
)
(c:/texlive/2023/texmf-dist/tex/latex/base/textcomp.sty
Package: textcomp 2020/02/02 v2.0n Standard LaTeX package
)
(c:/texlive/2023/texmf-dist/tex/latex/subfigure/subfigure.sty
Package: subfigure 2002/03/15 v2.1.5 subfigure package
\subfigtopskip=\skip59
\subfigcapskip=\skip60
\subfigcaptopadj=\dimen297
\subfigbottomskip=\skip61
\subfigcapmargin=\dimen298
\subfiglabelskip=\skip62
\c@subfigure=\count317
\c@lofdepth=\count318
\c@subtable=\count319
\c@lotdepth=\count320

****************************************
* Local config file subfigure.cfg used *
****************************************
(c:/texlive/2023/texmf-dist/tex/latex/subfigure/subfigure.cfg)
\subfig@top=\skip63
\subfig@bottom=\skip64
)
(c:/texlive/2023/texmf-dist/tex/latex/float/float.sty
Package: float 2001/11/08 v1.3d Float enhancements (AL)
\c@float@type=\count321
\float@exts=\toks39
\float@box=\box81
\@float@everytoks=\toks40
\@floatcapt=\box82
)
\c@theorem=\count322
\c@definition=\count323
Package hyperref Info: Option `colorlinks' set `true' on input line 134.


Package hyperref Warning: Option `bookmarks' has already been used,
(hyperref)                setting the option has no effect on input line 134.

Package hyperref Info: Option `bookmarksnumbered' set `true' on input line 134.

Package hyperref Info: Option `bookmarksopen' set `true' on input line 134.
(c:/texlive/2023/texmf-dist/tex/latex/titlesec/titlesec.sty
Package: titlesec 2021/07/05 v2.14 Sectioning titles
\ttl@box=\box83
\beforetitleunit=\skip65
\aftertitleunit=\skip66
\ttl@plus=\dimen299
\ttl@minus=\dimen300
\ttl@toksa=\toks41
\titlewidth=\dimen301
\titlewidthlast=\dimen302
\titlewidthfirst=\dimen303
)
(c:/texlive/2023/texmf-dist/tex/latex/listings/listings.sty
\lst@mode=\count324
\lst@gtempboxa=\box84
\lst@token=\toks42
\lst@length=\count325
\lst@currlwidth=\dimen304
\lst@column=\count326
\lst@pos=\count327
\lst@lostspace=\dimen305
\lst@width=\dimen306
\lst@newlines=\count328
\lst@lineno=\count329
\lst@maxwidth=\dimen307

(c:/texlive/2023/texmf-dist/tex/latex/listings/lstmisc.sty
File: lstmisc.sty 2023/02/27 1.9 (Carsten Heinz)
\c@lstnumber=\count330
\lst@skipnumbers=\count331
\lst@framebox=\box85
)
(c:/texlive/2023/texmf-dist/tex/latex/listings/listings.cfg
File: listings.cfg 2023/02/27 1.9 listings configuration
))
Package: listings 2023/02/27 1.9 (Carsten Heinz)

(c:/texlive/2023/texmf-dist/tex/latex/listings/lstlang1.sty
File: lstlang1.sty 2023/02/27 1.9 listings language file
)
(c:/texlive/2023/texmf-dist/tex/latex/listings/lstlang1.sty
File: lstlang1.sty 2023/02/27 1.9 listings language file
)
(c:/texlive/2023/texmf-dist/tex/latex/listings/lstmisc.sty
File: lstmisc.sty 2023/02/27 1.9 (Carsten Heinz)
))
(c:/texlive/2023/texmf-dist/tex/latex/simpler-wick/simpler-wick.sty
Package: simpler-wick 2015/12/11 Simpler Wick contractions

(c:/texlive/2023/texmf-dist/tex/latex/pgfopts/pgfopts.sty
Package: pgfopts 2014/07/10 v2.1a LaTeX package options with pgfkeys
\pgfopts@list@add@a@toks=\toks43
\pgfopts@list@add@b@toks=\toks44
)
(c:/texlive/2023/texmf-dist/tex/generic/pgf/frontendlayer/tikz/libraries/tikzli
brarycalc.code.tex
File: tikzlibrarycalc.code.tex 2023-01-15 v3.1.10 (3.1.10)
)
(c:/texlive/2023/texmf-dist/tex/latex/pgf/frontendlayer/libraries/tikzlibraryex
ternal.code.tex
(c:/texlive/2023/texmf-dist/tex/generic/pgf/frontendlayer/tikz/libraries/tikzex
ternalshared.code.tex)))
(c:/texlive/2023/texmf-dist/tex/latex/tikz-feynman/tikz-feynman.sty
Package: tikz-feynman 2016/02/05v1.1.0Feynman diagrams with TikZ

(c:/texlive/2023/texmf-dist/tex/generic/iftex/ifluatex.sty
Package: ifluatex 2019/10/25 v1.5 ifluatex legacy package. Use iftex instead.
)
(c:/texlive/2023/texmf-dist/tex/latex/tikz-feynman/tikzlibraryfeynman.code.tex
(c:/texlive/2023/texmf-dist/tex/generic/pgf/libraries/pgflibraryarrows.meta.cod
e.tex
File: pgflibraryarrows.meta.code.tex 2023-01-15 v3.1.10 (3.1.10)
\pgfarrowinset=\dimen308
\pgfarrowlength=\dimen309
\pgfarrowwidth=\dimen310
\pgfarrowlinewidth=\dimen311
)
(c:/texlive/2023/texmf-dist/tex/generic/pgf/frontendlayer/tikz/libraries/tikzli
brarydecorations.code.tex
(c:/texlive/2023/texmf-dist/tex/generic/pgf/modules/pgfmoduledecorations.code.t
ex
\pgfdecoratedcompleteddistance=\dimen312
\pgfdecoratedremainingdistance=\dimen313
\pgfdecoratedinputsegmentcompleteddistance=\dimen314
\pgfdecoratedinputsegmentremainingdistance=\dimen315
\pgf@decorate@distancetomove=\dimen316
\pgf@decorate@repeatstate=\count332
\pgfdecorationsegmentamplitude=\dimen317
\pgfdecorationsegmentlength=\dimen318
)
\tikz@lib@dec@box=\box86
)
(c:/texlive/2023/texmf-dist/tex/generic/pgf/frontendlayer/tikz/libraries/tikzli
brarydecorations.markings.code.tex
(c:/texlive/2023/texmf-dist/tex/generic/pgf/libraries/decorations/pgflibrarydec
orations.markings.code.tex))
(c:/texlive/2023/texmf-dist/tex/generic/pgf/frontendlayer/tikz/libraries/tikzli
brarydecorations.pathmorphing.code.tex
(c:/texlive/2023/texmf-dist/tex/generic/pgf/libraries/decorations/pgflibrarydec
orations.pathmorphing.code.tex))
(c:/texlive/2023/texmf-dist/tex/generic/pgf/frontendlayer/tikz/libraries/tikzli
brarydecorations.pathreplacing.code.tex
(c:/texlive/2023/texmf-dist/tex/generic/pgf/libraries/decorations/pgflibrarydec
orations.pathreplacing.code.tex))
(c:/texlive/2023/texmf-dist/tex/generic/pgf/frontendlayer/tikz/libraries/graphs
/tikzlibrarygraphs.code.tex
File: tikzlibrarygraphs.code.tex 2023-01-15 v3.1.10 (3.1.10)
\tikz@lib@auto@number=\count333
\tikz@qnode@count=\count334
)
(c:/texlive/2023/texmf-dist/tex/generic/pgf/frontendlayer/tikz/libraries/tikzli
brarypatterns.code.tex
File: tikzlibrarypatterns.code.tex 2023-01-15 v3.1.10 (3.1.10)

(c:/texlive/2023/texmf-dist/tex/generic/pgf/libraries/pgflibrarypatterns.code.t
ex
File: pgflibrarypatterns.code.tex 2023-01-15 v3.1.10 (3.1.10)
))
(c:/texlive/2023/texmf-dist/tex/generic/pgf/frontendlayer/tikz/libraries/tikzli
brarypositioning.code.tex
File: tikzlibrarypositioning.code.tex 2023-01-15 v3.1.10 (3.1.10)
)
(c:/texlive/2023/texmf-dist/tex/generic/pgf/frontendlayer/tikz/libraries/tikzli
braryshapes.geometric.code.tex
File: tikzlibraryshapes.geometric.code.tex 2023-01-15 v3.1.10 (3.1.10)

(c:/texlive/2023/texmf-dist/tex/generic/pgf/libraries/shapes/pgflibraryshapes.g
eometric.code.tex
File: pgflibraryshapes.geometric.code.tex 2023-01-15 v3.1.10 (3.1.10)
))
(c:/texlive/2023/texmf-dist/tex/latex/tikz-feynman/tikzfeynman.keys.code.tex)))
(c:/texlive/2023/texmf-dist/tex/latex/ctex/ctex.sty
(c:/texlive/2023/texmf-dist/tex/latex/l3kernel/expl3.sty
Package: expl3 2023-02-22 L3 programming layer (loader) 

(c:/texlive/2023/texmf-dist/tex/latex/l3backend/l3backend-pdftex.def
File: l3backend-pdftex.def 2023-01-16 L3 backend support: PDF output (pdfTeX)
\l__color_backend_stack_int=\count335
\l__pdf_internal_box=\box87
))
Package: ctex 2022/07/14 v2.5.10 Chinese adapter in LaTeX (CTEX)

(c:/texlive/2023/texmf-dist/tex/latex/ctex/ctexhook.sty
Package: ctexhook 2022/07/14 v2.5.10 Document and package hooks (CTEX)
)
(c:/texlive/2023/texmf-dist/tex/latex/ctex/ctexpatch.sty
Package: ctexpatch 2022/07/14 v2.5.10 Patching commands (CTEX)
)
(c:/texlive/2023/texmf-dist/tex/latex/base/fix-cm.sty
Package: fix-cm 2020/11/24 v1.1t fixes to LaTeX

(c:/texlive/2023/texmf-dist/tex/latex/base/ts1enc.def
File: ts1enc.def 2001/06/05 v3.0e (jk/car/fm) Standard LaTeX file
LaTeX Font Info:    Redeclaring font encoding TS1 on input line 47.
))
\l__ctex_tmp_int=\count336
\l__ctex_tmp_box=\box88
\l__ctex_tmp_dim=\dimen319
\g__ctex_section_depth_int=\count337
\g__ctex_font_size_int=\count338

(c:/texlive/2023/texmf-dist/tex/latex/ctex/config/ctexopts.cfg
File: ctexopts.cfg 2022/07/14 v2.5.10 Option configuration file (CTEX)
)

Package ctex Warning: UTF8 will be used as the default encoding.

(c:/texlive/2023/texmf-dist/tex/latex/ctex/engine/ctex-engine-pdftex.def
File: ctex-engine-pdftex.def 2022/07/14 v2.5.10 (pdf)LaTeX adapter (CTEX)

(c:/texlive/2023/texmf-dist/tex/latex/cjk/texinput/CJKutf8.sty
Package: CJKutf8 2021/10/16 4.8.5

(c:/texlive/2023/texmf-dist/tex/generic/iftex/ifpdf.sty
Package: ifpdf 2019/10/25 v3.4 ifpdf legacy package. Use iftex instead.
)
(c:/texlive/2023/texmf-dist/tex/latex/base/inputenc.sty
Package: inputenc 2021/02/14 v1.3d Input encoding file
\inpenc@prehook=\toks45
\inpenc@posthook=\toks46
)
(c:/texlive/2023/texmf-dist/tex/latex/cjk/texinput/CJK.sty
Package: CJK 2021/10/16 4.8.5

(c:/texlive/2023/texmf-dist/tex/latex/cjk/texinput/mule/MULEenc.sty
Package: MULEenc 2021/10/16 4.8.5
)
(c:/texlive/2023/texmf-dist/tex/latex/cjk/texinput/CJK.enc
File: CJK.enc 2021/10/16 4.8.5
Now handling font encoding C00 ...
... no UTF-8 mapping file for font encoding C00
Now handling font encoding C05 ...
... no UTF-8 mapping file for font encoding C05
Now handling font encoding C09 ...
... no UTF-8 mapping file for font encoding C09
Now handling font encoding C10 ...
... no UTF-8 mapping file for font encoding C10
Now handling font encoding C20 ...
... no UTF-8 mapping file for font encoding C20
Now handling font encoding C19 ...
... no UTF-8 mapping file for font encoding C19
Now handling font encoding C40 ...
... no UTF-8 mapping file for font encoding C40
Now handling font encoding C42 ...
... no UTF-8 mapping file for font encoding C42
Now handling font encoding C43 ...
... no UTF-8 mapping file for font encoding C43
Now handling font encoding C50 ...
... no UTF-8 mapping file for font encoding C50
Now handling font encoding C52 ...
... no UTF-8 mapping file for font encoding C52
Now handling font encoding C49 ...
... no UTF-8 mapping file for font encoding C49
Now handling font encoding C60 ...
... no UTF-8 mapping file for font encoding C60
Now handling font encoding C61 ...
... no UTF-8 mapping file for font encoding C61
Now handling font encoding C63 ...
... no UTF-8 mapping file for font encoding C63
Now handling font encoding C64 ...
... no UTF-8 mapping file for font encoding C64
Now handling font encoding C65 ...
... no UTF-8 mapping file for font encoding C65
Now handling font encoding C70 ...
... no UTF-8 mapping file for font encoding C70
Now handling font encoding C31 ...
... no UTF-8 mapping file for font encoding C31
Now handling font encoding C32 ...
... no UTF-8 mapping file for font encoding C32
Now handling font encoding C33 ...
... no UTF-8 mapping file for font encoding C33
Now handling font encoding C34 ...
... no UTF-8 mapping file for font encoding C34
Now handling font encoding C35 ...
... no UTF-8 mapping file for font encoding C35
Now handling font encoding C36 ...
... no UTF-8 mapping file for font encoding C36
Now handling font encoding C37 ...
... no UTF-8 mapping file for font encoding C37
Now handling font encoding C80 ...
... no UTF-8 mapping file for font encoding C80
Now handling font encoding C81 ...
... no UTF-8 mapping file for font encoding C81
Now handling font encoding C01 ...
... no UTF-8 mapping file for font encoding C01
Now handling font encoding C11 ...
... no UTF-8 mapping file for font encoding C11
Now handling font encoding C21 ...
... no UTF-8 mapping file for font encoding C21
Now handling font encoding C41 ...
... no UTF-8 mapping file for font encoding C41
Now handling font encoding C62 ...
... no UTF-8 mapping file for font encoding C62
)
\CJK@indent=\box89
)
(c:/texlive/2023/texmf-dist/tex/latex/base/fontenc.sty
Package: fontenc 2021/04/29 v2.0v Standard LaTeX package
))
(c:/texlive/2023/texmf-dist/tex/latex/cjkpunct/CJKpunct.sty
Package: CJKpunct 2016/05/14 4.8.4
\CJKpunct@cnta=\count339
\CJKpunct@cntb=\count340
\CJKpunct@cntc=\count341
\CJKpunct@cntd=\count342
\CJKpunct@cnte=\count343
   defining Unicode char U+2018 (decimal 8216)
   defining Unicode char U+2019 (decimal 8217)
   defining Unicode char U+201C (decimal 8220)
   defining Unicode char U+201D (decimal 8221)
   defining Unicode char U+2014 (decimal 8212)
   defining Unicode char U+2026 (decimal 8230)

(c:/texlive/2023/texmf-dist/tex/latex/cjkpunct/CJKpunct.spa))
(c:/texlive/2023/texmf-dist/tex/latex/cjk/texinput/CJKspace.sty
Package: CJKspace 2021/10/16 3.8.0
)
(c:/texlive/2023/texmf-dist/tex/latex/cjk/texinput/UTF8/UTF8.bdg
File: UTF8.bdg 2021/10/16 4.8.5
)
(c:/texlive/2023/texmf-dist/tex/latex/ctex/ctexspa.def
File: ctexspa.def 2022/07/14 v2.5.10 Space info for CJKpunct (CTEX)
)

Package hyperref Warning: Option `driverfallback' has already been used,
(hyperref)                setting the option has no effect on input line 493.

Package hyperref Info: Option `unicode' set `true' on input line 512.
\ccwd=\dimen320
\l__ctex_ccglue_skip=\skip67
)
\l__ctex_ziju_dim=\dimen321
 (c:/texlive/2023/texmf-dist/tex/latex/zhnumber/zhnumber.sty
Package: zhnumber 2022/07/14 v3.0 Typesetting numbers with Chinese glyphs
\l__zhnum_scale_int=\count344
\l__zhnum_tmp_int=\count345

(c:/texlive/2023/texmf-dist/tex/latex/zhnumber/zhnumber-utf8.cfg
File: zhnumber-utf8.cfg 2022/07/14 v3.0 Chinese numerals with UTF8 encoding
))
(c:/texlive/2023/texmf-dist/tex/latex/ctex/scheme/ctex-scheme-chinese.def
File: ctex-scheme-chinese.def 2022/07/14 v2.5.10 Chinese scheme for generic (CT
EX)

(c:/texlive/2023/texmf-dist/tex/latex/ctex/config/ctex-name-utf8.cfg
File: ctex-name-utf8.cfg 2022/07/14 v2.5.10 Caption with encoding UTF-8 (CTEX)
))
(c:/texlive/2023/texmf-dist/tex/latex/tools/indentfirst.sty
Package: indentfirst 1995/11/23 v1.03 Indent first paragraph (DPC)
)
(c:/texlive/2023/texmf-dist/tex/latex/ctex/ctex-c5size.clo
File: ctex-c5size.clo 2022/07/14 v2.5.10 c5size option (CTEX)
)
(c:/texlive/2023/texmf-dist/tex/latex/ctex/fontset/ctex-fontset-windows.def
File: ctex-fontset-windows.def 2022/07/14 v2.5.10 Windows fonts definition (CTE
X)
))
(c:/texlive/2023/texmf-dist/tex/latex/ctex/config/ctex.cfg
File: ctex.cfg 2022/07/14 v2.5.10 Configuration file (CTEX)
)
(c:/texlive/2023/texmf-dist/tex/latex/cjk/texinput/UTF8/UTF8.enc
File: UTF8.enc 2021/10/16 4.8.5
)
(c:/texlive/2023/texmf-dist/tex/latex/cjk/texinput/UTF8/UTF8.chr
File: UTF8.chr 2021/10/16 4.8.5
)
(./GEONU Docs.aux)
\openout1 = `"GEONU Docs.aux"'.

LaTeX Font Info:    Checking defaults for OML/cmm/m/it on input line 4.
LaTeX Font Info:    ... okay on input line 4.
LaTeX Font Info:    Checking defaults for OMS/cmsy/m/n on input line 4.
LaTeX Font Info:    ... okay on input line 4.
LaTeX Font Info:    Checking defaults for OT1/cmr/m/n on input line 4.
LaTeX Font Info:    ... okay on input line 4.
LaTeX Font Info:    Checking defaults for T1/cmr/m/n on input line 4.
LaTeX Font Info:    ... okay on input line 4.
LaTeX Font Info:    Checking defaults for TS1/cmr/m/n on input line 4.
LaTeX Font Info:    ... okay on input line 4.
LaTeX Font Info:    Checking defaults for OMX/cmex/m/n on input line 4.
LaTeX Font Info:    ... okay on input line 4.
LaTeX Font Info:    Checking defaults for U/cmr/m/n on input line 4.
LaTeX Font Info:    ... okay on input line 4.
LaTeX Font Info:    Checking defaults for PD1/pdf/m/n on input line 4.
LaTeX Font Info:    ... okay on input line 4.
LaTeX Font Info:    Checking defaults for PU/pdf/m/n on input line 4.
LaTeX Font Info:    ... okay on input line 4.
LaTeX Font Info:    Checking defaults for C00/song/m/n on input line 4.
LaTeX Font Info:    ... okay on input line 4.
LaTeX Font Info:    Checking defaults for C05/song/m/n on input line 4.
LaTeX Font Info:    ... okay on input line 4.
LaTeX Font Info:    Checking defaults for C09/song/m/n on input line 4.
LaTeX Font Info:    ... okay on input line 4.
LaTeX Font Info:    Checking defaults for C10/song/m/n on input line 4.
LaTeX Font Info:    ... okay on input line 4.
LaTeX Font Info:    Checking defaults for C20/song/m/n on input line 4.
LaTeX Font Info:    ... okay on input line 4.
LaTeX Font Info:    Checking defaults for C19/song/m/n on input line 4.
LaTeX Font Info:    ... okay on input line 4.
LaTeX Font Info:    Checking defaults for C40/song/m/n on input line 4.
LaTeX Font Info:    ... okay on input line 4.
LaTeX Font Info:    Checking defaults for C42/song/m/n on input line 4.
LaTeX Font Info:    ... okay on input line 4.
LaTeX Font Info:    Checking defaults for C43/song/m/n on input line 4.
LaTeX Font Info:    ... okay on input line 4.
LaTeX Font Info:    Checking defaults for C50/song/m/n on input line 4.
LaTeX Font Info:    ... okay on input line 4.
LaTeX Font Info:    Checking defaults for C52/song/m/n on input line 4.
LaTeX Font Info:    ... okay on input line 4.
LaTeX Font Info:    Checking defaults for C49/song/m/n on input line 4.
LaTeX Font Info:    ... okay on input line 4.
LaTeX Font Info:    Checking defaults for C60/mj/m/n on input line 4.
LaTeX Font Info:    ... okay on input line 4.
LaTeX Font Info:    Checking defaults for C61/mj/m/n on input line 4.
LaTeX Font Info:    ... okay on input line 4.
LaTeX Font Info:    Checking defaults for C63/mj/m/n on input line 4.
LaTeX Font Info:    ... okay on input line 4.
LaTeX Font Info:    Checking defaults for C64/mj/m/n on input line 4.
LaTeX Font Info:    ... okay on input line 4.
LaTeX Font Info:    Checking defaults for C65/mj/m/n on input line 4.
LaTeX Font Info:    ... okay on input line 4.
LaTeX Font Info:    Checking defaults for C70/song/m/n on input line 4.
LaTeX Font Info:    ... okay on input line 4.
LaTeX Font Info:    Checking defaults for C31/song/m/n on input line 4.
LaTeX Font Info:    ... okay on input line 4.
LaTeX Font Info:    Checking defaults for C32/song/m/n on input line 4.
LaTeX Font Info:    ... okay on input line 4.
LaTeX Font Info:    Checking defaults for C33/song/m/n on input line 4.
LaTeX Font Info:    ... okay on input line 4.
LaTeX Font Info:    Checking defaults for C34/song/m/n on input line 4.
LaTeX Font Info:    ... okay on input line 4.
LaTeX Font Info:    Checking defaults for C35/song/m/n on input line 4.
LaTeX Font Info:    ... okay on input line 4.
LaTeX Font Info:    Checking defaults for C36/song/m/n on input line 4.
LaTeX Font Info:    ... okay on input line 4.
LaTeX Font Info:    Checking defaults for C37/song/m/n on input line 4.
LaTeX Font Info:    ... okay on input line 4.
LaTeX Font Info:    Checking defaults for C80/song/m/n on input line 4.
LaTeX Font Info:    ... okay on input line 4.
LaTeX Font Info:    Checking defaults for C81/song/m/n on input line 4.
LaTeX Font Info:    ... okay on input line 4.
LaTeX Font Info:    Checking defaults for C01/song/m/n on input line 4.
LaTeX Font Info:    ... okay on input line 4.
LaTeX Font Info:    Checking defaults for C11/song/m/n on input line 4.
LaTeX Font Info:    ... okay on input line 4.
LaTeX Font Info:    Checking defaults for C21/song/m/n on input line 4.
LaTeX Font Info:    ... okay on input line 4.
LaTeX Font Info:    Checking defaults for C41/song/m/n on input line 4.
LaTeX Font Info:    ... okay on input line 4.
LaTeX Font Info:    Checking defaults for C62/song/m/n on input line 4.
LaTeX Font Info:    ... okay on input line 4.

*geometry* driver: auto-detecting
*geometry* detected driver: pdftex
*geometry* verbose mode - [ preamble ] result:
* driver: pdftex
* paper: a4paper
* layout: <same size as paper>
* layoutoffset:(h,v)=(0.0pt,0.0pt)
* modes: twoside 
* h-part:(L,W,R)=(35.849pt, 507.88533pt, 53.77354pt)
* v-part:(T,H,B)=(50.70074pt, 718.29497pt, 76.05113pt)
* \paperwidth=597.50787pt
* \paperheight=845.04684pt
* \textwidth=507.88533pt
* \textheight=718.29497pt
* \oddsidemargin=-36.42099pt
* \evensidemargin=-18.49644pt
* \topmargin=-51.63673pt
* \headheight=12.0pt
* \headsep=18.06749pt
* \topskip=10.0pt
* \footskip=25.29494pt
* \marginparwidth=125.0pt
* \marginparsep=7.0pt
* \columnsep=10.0pt
* \skip\footins=9.0pt plus 4.0pt minus 2.0pt
* \hoffset=0.0pt
* \voffset=0.0pt
* \mag=1000
* \@twocolumnfalse
* \@twosidetrue
* \@mparswitchtrue
* \@reversemarginfalse
* (1in=72.27pt=25.4mm, 1cm=28.453pt)

(c:/texlive/2023/texmf-dist/tex/context/base/mkii/supp-pdf.mkii
[Loading MPS to PDF converter (version 2006.09.02).]
\scratchcounter=\count346
\scratchdimen=\dimen322
\scratchbox=\box90
\nofMPsegments=\count347
\nofMParguments=\count348
\everyMPshowfont=\toks47
\MPscratchCnt=\count349
\MPscratchDim=\dimen323
\MPnumerator=\count350
\makeMPintoPDFobject=\count351
\everyMPtoPDFconversion=\toks48
) (c:/texlive/2023/texmf-dist/tex/latex/epstopdf-pkg/epstopdf-base.sty
Package: epstopdf-base 2020-01-24 v2.11 Base part for package epstopdf
Package epstopdf-base Info: Redefining graphics rule for `.eps' on input line 4
85.

(c:/texlive/2023/texmf-dist/tex/latex/latexconfig/epstopdf-sys.cfg
File: epstopdf-sys.cfg 2010/07/13 v1.3 Configuration of (r)epstopdf for TeX Liv
e
))
\symgns@font=\mathgroup10
LaTeX Font Info:    Overwriting symbol font `gns@font' in version `bold'
(Font)                  TS1/cmr/m/n --> TS1/cmr/b/n on input line 4.
Package gensymb Info: Math companion symbols declared on input line 4.
LaTeX Info: Redefining \degree on input line 4.
LaTeX Info: Redefining \celsius on input line 4.
Package gensymb Info: Using text companion symbols for \degree, \celsius and \p
erthousand on input line 4.
LaTeX Info: Redefining \ohm on input line 4.
Package gensymb Info: Using \textohm for \ohm on input line 4.
Package gensymb Info: Using \textmu for \micro on input line 4.
Package hyperref Info: Link coloring ON on input line 4.
Package caption Info: Begin \AtBeginDocument code.
Package caption Info: float package is loaded.
Package caption Info: listings package is loaded.
Package caption Info: subfigure package is loaded.
Package caption Info: End \AtBeginDocument code.
\c@lstlisting=\count352


Package tikz-feynman Warning: LuaTeX is required if you wish to have vertices a
utomatically placed. You can disable this warning by setting /tikzfeynman/warn 
luatex=false on input line 4.


Package tikz-feynman Warning: Consider loading TikZ-Feynman with \usepackage[co
mpat=1.1.0]{tikz-feynman} so that you can be warned if TikZ-Feynman changes. on
 input line 4.

Chapter 1.
LaTeX Font Info:    Trying to load font information for C70+rm on input line 5.

(c:/texlive/2023/texmf-dist/tex/latex/ctex/fd/c70rm.fd
File: c70rm.fd 2022/07/14 v2.5.10 Chinese font definition (CTEX)
)
Package CJKpunct Info: use punctuation spaces for family 'rm' with punctstyle (
quanjiao) on input line 6.

(c:/texlive/2023/texmf-dist/tex/generic/ctex/zhmap/ctex-zhmap-windows.tex
File: ctex-zhmap-windows.tex 2022/07/14 v2.5.10 Windows font map loader for pdf
TeX and DVIPDFMx (CTEX)
{c:/texlive/2023/texmf-var/fonts/map/pdftex/updmap/pdftex.map}{UGBK.sfd}{Unicod
e.sfd}) [1


{c:/texlive/2023/texmf-dist/fonts/enc/dvips/cm-super/cm-super-ts1.enc}]
[2

]
Chapter 2.
[3] [4

]
Chapter 3.
[5] [6

]
Chapter 4.

Overfull \hbox (39.48982pt too wide) in paragraph at lines 27--28
[]\C70/rm/m/n/10.53937/8c ^^C \C70/rm/m/n/10.53937/75 (\OT1/cmr/m/n/10.53937 As
sign[]OC[]CC\C70/rm/m/n/10.53937/51  \C70/rm/m/n/10.53937/65 p|\C70/rm/m/n/10.
53937/ff ^^Z| \C70/rm/m/n/10.53937/8f  \C70/rm/m/n/10.53937/4e * \C70/rm/m/n/1
0.53937/51  \C70/rm/m/n/10.53937/65 p \C70/rm/m/n/10.53937/4f ^^Z \C70/rm/m/n/
10.53937/68 9 \C70/rm/m/n/10.53937/63 n \C70/rm/m/n/10.53937/4e ^^M \C70/rm/m/n
/10.53937/54 ^^L \C70/rm/m/n/10.53937/57 0 \C70/rm/m/n/10.53937/8d ( \C70/rm/m/
n/10.53937/6a ! \C70/rm/m/n/10.53937/57 |\C70/rm/m/n/10.53937/ff ^^L| \C70/rm/
m/n/10.53937/68 9 \C70/rm/m/n/10.53937/63 n\OT1/cmr/m/n/10.53937 GeoPhys.type\C
70/rm/m/n/10.53937/67 e \C70/rm/m/n/10.53937/68 ^^G \C70/rm/m/n/10.53937/5b  \
C70/rm/m/n/10.53937/54  \C70/rm/m/n/10.53937/4e \OT1/cmr/m/n/10.53937 cell\C7
0/rm/m/n/10.53937/66 /\OT1/cmr/m/n/10.53937 OC|\C70/rm/m/n/10.53937/30 ^^A| \C7
0/rm/m/n/10.53937/54  \C70/rm/m/n/10.53937/4e \OT1/cmr/m/n/10.53937 cell\C70/
rm/m/n/10.53937/66 /\OT1/cmr/m/n/10.53937 CC|\C70/rm/m/n/10.53937/ff ^^L|
 []


Overfull \hbox (16.83328pt too wide) in paragraph at lines 28--29
[]\C70/rm/m/n/10.53937/8c ^^C \C70/rm/m/n/10.53937/75 (\OT1/cmr/m/n/10.53937 Al
locate[]Variables[]Lithosphere\C70/rm/m/n/10.53937/51  \C70/rm/m/n/10.53937/65
 p|\C70/rm/m/n/10.53937/ff ^^Z| \C70/rm/m/n/10.53937/75 3 \C70/rm/m/n/10.53937/
8b  \C70/rm/m/n/10.53937/51  \C70/rm/m/n/10.53937/5b X|\C70/rm/m/n/10.53937/f
f ^^L| \C70/rm/m/n/10.53937/57 (\OT1/cmr/m/n/10.53937 Model.Abundance.(layer).U
, Th\C70/rm/m/n/10.53937/54 \OT1/cmr/m/n/10.53937 K\C70/rm/m/n/10.53937/4e - \
C70/rm/m/n/10.53937/75 3 \C70/rm/m/n/10.53937/8b \OT1/cmr/m/n/10.53937 64800*3
\C70/rm/m/n/10.53937/76 
 []


Overfull \hbox (9.65436pt too wide) in paragraph at lines 33--34
[]\C70/rm/m/n/10.53937/4e  \C70/rm/m/n/10.53937/75 ^^_ \C70/rm/m/n/10.53937/4e
 ^^@ \C70/rm/m/n/10.53937/7c  \C70/rm/m/n/10.53937/52 ^^W \C70/rm/m/n/10.53937
/76  \C70/rm/m/n/10.53937/51 s \C70/rm/m/n/10.53937/80 T \C70/rm/m/n/10.53937/
7c  \C70/rm/m/n/10.53937/65 p|\C70/rm/m/n/10.53937/ff ^^Z| \C70/rm/m/n/10.5393
7/66 / \C70/rm/m/n/10.53937/75 ( \C70/rm/m/n/10.53937/68 ^^G \C70/rm/m/n/10.539
37/51  \C70/rm/m/n/10.53937/9a  \C70/rm/m/n/10.53937/65  \C70/rm/m/n/10.5393
7/52 ^^F \C70/rm/m/n/10.53937/5e ^^C \C70/rm/m/n/10.53937/4e  \C70/rm/m/n/10.5
3937/75 ^^_ \C70/rm/m/n/10.53937/51 s \C70/rm/m/n/10.53937/80 T \C70/rm/m/n/10.
53937/7c  \C70/rm/m/n/10.53937/65 p|\C70/rm/m/n/10.53937/ff ^^[| \C70/rm/m/n/1
0.53937/8f  \C70/rm/m/n/10.53937/4e  \C70/rm/m/n/10.53937/7c  \C70/rm/m/n/10
.53937/65 p \C70/rm/m/n/10.53937/6d  \C70/rm/m/n/10.53937/53  \C70/rm/m/n/10.
53937/52 0 \C70/rm/m/n/10.53937/4e \OT1/cmr/m/n/10.53937 Lithosphere|\C70/rm/m
/n/10.53937/30 ^^A| \OT1/cmr/m/n/10.53937 Mantle|\C70/rm/m/n/10.53937/30 ^^A| \
OT1/cmr/m/n/10.53937 BSE\C70/rm/m/n/10.53937/7b I
 []

LaTeX Font Info:    Trying to load font information for U+msa on input line 57.

(c:/texlive/2023/texmf-dist/tex/latex/amsfonts/umsa.fd
File: umsa.fd 2013/01/14 v3.01 AMS symbols A
)
LaTeX Font Info:    Trying to load font information for U+msb on input line 57.


(c:/texlive/2023/texmf-dist/tex/latex/amsfonts/umsb.fd
File: umsb.fd 2013/01/14 v3.01 AMS symbols B
)
LaTeX Font Info:    Trying to load font information for U+rsfs on input line 57
.

(c:/texlive/2023/texmf-dist/tex/latex/jknapltx/ursfs.fd
File: ursfs.fd 1998/03/24 rsfs font definition file (jk)
)

LaTeX Font Warning: Font shape `U/rsfs/m/n' in size <10.53937> not available
(Font)              size <10.95> substituted on input line 57.


Underfull \hbox (badness 10000) in paragraph at lines 57--58
[]\OT1/cmr/m/n/10.53937 Huang\C70/rm/m/n/10.53937/50 G \C70/rm/m/n/10.53937/8b 
\OT1/cmr/m/n/10.53937 MC\C70/rm/m/n/10.53937/54 \OT1/cmr/m/n/10.53937 LC\C70/
rm/m/n/10.53937/90  \C70/rm/m/n/10.53937/66 / \C70/rm/m/n/10.53937/75 1\OT1/cm
r/m/n/10.53937 Felsic\C70/rm/m/n/10.53937/54 \OT1/cmr/m/n/10.53937 Mafic\C70/r
m/m/n/10.53937/67  \C70/rm/m/n/10.53937/62 ^^P|\C70/rm/m/n/10.53937/ff ^^L| \C
70/rm/m/n/10.53937/53  \C70/rm/m/n/10.53937/4e ^^M \C70/rm/m/n/10.53937/8f  \
C70/rm/m/n/10.53937/4e $ \C70/rm/m/n/10.53937/80 ^^E \C70/rm/m/n/10.53937/76  
\C70/rm/m/n/10.53937/53 ` \C70/rm/m/n/10.53937/6b  \C70/rm/m/n/10.53937/4e ^^M
 \C70/rm/m/n/10.53937/54 ^^L \C70/rm/m/n/10.53937/4e  \C70/rm/m/n/10.53937/80 
^^L \C70/rm/m/n/10.53937/62 ^^P
 []


Underfull \hbox (badness 1253) in paragraph at lines 58--59
[]\OT1/cmr/m/n/10.53937 Huang\C70/rm/m/n/10.53937/57 ( \C70/rm/m/n/10.53937/5b 
 \C70/rm/m/n/10.53937/9a  \C70/rm/m/n/10.53937/5b  \C70/rm/m/n/10.53937/4e -
 \C70/rm/m/n/10.53937/6d K \C70/rm/m/n/10.53937/91  \C70/rm/m/n/10.53937/4e \
OT1/cmr/m/n/10.53937 felsic\C70/rm/m/n/10.53937/54 \OT1/cmr/m/n/10.53937 Mafic
\C70/rm/m/n/10.53937/76  \C70/rm/m/n/10.53937/6c  \C70/rm/m/n/10.53937/90 ^^_
|\C70/rm/m/n/10.53937/ff ^^L| \C70/rm/m/n/10.53937/53 s$\OML/cmm/m/it/10.53937 
V[]$|\C70/rm/m/n/10.53937/30 ^^B| \C70/rm/m/n/10.53937/90 ^^Z \C70/rm/m/n/10.53
937/8f  \C70/rm/m/n/10.53937/7e  \C70/rm/m/n/10.53937/54 ^^H \C70/rm/m/n/10.5
3937/8b  \C70/rm/m/n/10.53937/90 ^^_ \C70/rm/m/n/10.53937/5e  \C70/rm/m/n/10.
53937/7b I \C70/rm/m/n/10.53937/4e \OT1/cmr/m/n/10.53937 crust\C70/rm/m/n/10.5
3937/4e - \C70/rm/m/n/10.53937/76  \C70/rm/m/n/10.53937/5b  \C70/rm/m/n/10.53
937/96 E \C70/rm/m/n/10.53937/6c  \C70/rm/m/n/10.53937/90 ^^_|\C70/rm/m/n/10.5
3937/ff ^^L|
 []


Overfull \hbox (1.77954pt too wide) in paragraph at lines 62--62
\OT1/cmr/m/n/10.53937 Felsic\C70/rm/m/n/10.53937/54 \OT1/cmr/m/n/10.53937 Mafi
c\C70/rm/m/n/10.53937/4e -\OT1/cmr/m/n/10.53937 HPEs\C70/rm/m/n/10.53937/76  \
C70/rm/m/n/10.53937/4e 0 \C70/rm/m/n/10.53937/5e $\OML/cmm/m/it/10.53937 a$\C7
0/rm/m/n/10.53937/90 u \C70/rm/m/n/10.53937/5f \OT1/cmr/m/n/10.53937 Log-Norma
l\C70/rm/m/n/10.53937/52 ^^F \C70/rm/m/n/10.53937/5e ^^C|\C70/rm/m/n/10.53937/f
f ^^L| \C70/rm/m/n/10.53937/96  \C70/rm/m/n/10.53937/62 ^^P \C70/rm/m/n/10.539
37/57 ( \C70/rm/m/n/10.53937/4e \OT1/cmr/bx/n/10.53937 Compute[]Abundance[]Dee
pCrust()\C70/rm/m/n/10.53937/5f S
 []

[7] [8] [9]
Underfull \hbox (badness 1147) in paragraph at lines 137--138
[]\C70/rm/m/n/10.53937/8f  \C70/rm/m/n/10.53937/4e * \C70/rm/m/n/10.53937/51 
 \C70/rm/m/n/10.53937/65 p \C70/rm/m/n/10.53937/75 ( \C70/rm/m/n/10.53937/67 e 
\C70/rm/m/n/10.53937/8b  \C70/rm/m/n/10.53937/7b \OT1/cmr/m/n/10.53937 cell\C
70/rm/m/n/10.53937/76 \OT1/cmr/m/n/10.53937 Geonu\C70/rm/m/n/10.53937/90 ^^Z \
C70/rm/m/n/10.53937/91 |\C70/rm/m/n/10.53937/30 ^^B| \C70/rm/m/n/10.53937/57 (
\OT1/cmr/m/n/10.53937 Physics.Elements.Geonu[]Flux\C70/rm/m/n/10.53937/4e - \C7
0/rm/m/n/10.53937/5d  \C70/rm/m/n/10.53937/7e  \C70/rm/m/n/10.53937/8f  \C70
/rm/m/n/10.53937/51 e \C70/rm/m/n/10.53937/4e  \C70/rm/m/n/10.53937/53 U \C70/
rm/m/n/10.53937/4f M \C70/rm/m/n/10.53937/8d ( \C70/rm/m/n/10.53937/91 \OT1/cm
r/m/n/10.53937 U|\C70/rm/m/n/10.53937/30 ^^A| \OT1/cmr/m/n/10.53937 Th|\C70/rm/
m/n/10.53937/30 ^^A|
 []


Underfull \hbox (badness 1371) in paragraph at lines 140--141
[]\C70/rm/m/n/10.53937/8f  \C70/rm/m/n/10.53937/4e * \C70/rm/m/n/10.53937/51 
 \C70/rm/m/n/10.53937/65 p \C70/rm/m/n/10.53937/75 ( \C70/rm/m/n/10.53937/67 e 
\C70/rm/m/n/10.53937/8b  \C70/rm/m/n/10.53937/7b \OT1/cmr/m/n/10.53937 cell\C
70/rm/m/n/10.53937/76 \OT1/cmr/m/n/10.53937 Geonu\C70/rm/m/n/10.53937/90 ^^Z \
C70/rm/m/n/10.53937/91 |\C70/rm/m/n/10.53937/30 ^^B| \C70/rm/m/n/10.53937/57 (
\OT1/cmr/m/n/10.53937 Physics.Elements.Heat[]Power\C70/rm/m/n/10.53937/4e - \C7
0/rm/m/n/10.53937/5d  \C70/rm/m/n/10.53937/7e  \C70/rm/m/n/10.53937/8f  \C70
/rm/m/n/10.53937/51 e \C70/rm/m/n/10.53937/4e  \C70/rm/m/n/10.53937/53 U \C70/
rm/m/n/10.53937/4f M \C70/rm/m/n/10.53937/8d ( \C70/rm/m/n/10.53937/91 \OT1/cm
r/m/n/10.53937 U|\C70/rm/m/n/10.53937/30 ^^A| \OT1/cmr/m/n/10.53937 Th|\C70/rm/
m/n/10.53937/30 ^^A|
 []

[10]
Chapter 5.

Underfull \hbox (badness 10000) in paragraph at lines 163--164
[]\C70/rm/m/n/10.53937/4e ^^@ \C70/rm/m/n/10.53937/76 \OT1/cmr/m/n/10.53937 ce
ll\C70/rm/m/n/10.53937/4e 
\OT1/cmr/m/n/10.53937 HPEs\C70/rm/m/n/10.53937/76  \C70/rm/m/n/10.53937/8d ( \
C70/rm/m/n/10.53937/91 |\C70/rm/m/n/10.53937/ff ^^L| \C70/rm/m/n/10.53937/5c 1
 \C70/rm/m/n/10.53937/53  \C70/rm/m/n/10.53937/4e  \C70/rm/m/n/10.53937/6c B 
\C70/rm/m/n/10.53937/51 \OT1/cmr/m/n/10.53937 geonu\C70/rm/m/n/10.53937/76  \
C70/rm/m/n/10.53937/90 ^^Z \C70/rm/m/n/10.53937/91 |\C70/rm/m/n/10.53937/ff ^^
L| \C70/rm/m/n/10.53937/53 s \C70/rm/m/n/10.53937/6b  \C70/rm/m/n/10.53937/79 
 \C70/rm/m/n/10.53937/91  \C70/rm/m/n/10.53937/65 > \C70/rm/m/n/10.53937/51 
$\OML/cmm/m/it/10.53937 n[]$\C70/rm/m/n/10.53937/4e *\OT1/cmr/m/n/10.53937 geon
u|\C70/rm/m/n/10.53937/30 ^^B| \C70/rm/m/n/10.53937/8f  \C70/rm/m/n/10.53937/4
e \OT1/cmr/m/n/10.53937 geonu\C70/rm/m/n/10.53937/90 u
 []

[11

] [12

]
Chapter 6.

Underfull \hbox (badness 10000) in paragraph at lines 178--180
[]\C70/rm/m/n/10.53937/4e ; \C70/rm/m/n/10.53937/7a  \C70/rm/m/n/10.53937/5e 
 \C70/rm/m/n/10.53937/7b ,\OT1/cmr/m/n/10.53937 39-75\C70/rm/m/n/10.53937/88 L|
\C70/rm/m/n/10.53937/ff ^^L| \C70/rm/m/n/10.53937/90 	 \C70/rm/m/n/10.53937/62 
\OT1/cmr/m/n/10.53937 Lithosphere\C70/rm/m/n/10.53937/76  \C70/rm/m/n/10.5393
7/57 0 \C70/rm/m/n/10.53937/8d ( \C70/rm/m/n/10.53937/6a ! \C70/rm/m/n/10.53937
/57  \C70/rm/m/n/10.53937/5e v \C70/rm/m/n/10.53937/52  \C70/rm/m/n/10.53937/
8f } \C70/rm/m/n/10.53937/5b  \C70/rm/m/n/10.53937/5e  \C70/rm/m/n/10.53937/6
5 p \C70/rm/m/n/10.53937/63 n|\C70/rm/m/n/10.53937/30 ^^B| \C70/rm/m/n/10.53937
/8f  \C70/rm/m/n/10.53937/6b  \C70/rm/m/n/10.53937/4e  \C70/rm/m/n/10.53937/
78 ^^A \C70/rm/m/n/10.53937/96  \C70/rm/m/n/10.53937/62 ^^P \C70/rm/m/n/10.539
37/52 0
 []


Underfull \hbox (badness 10000) in paragraph at lines 184--184
[]\C70/rm/m/n/10.53937/4e ; \C70/rm/m/n/10.53937/7a  \C70/rm/m/n/10.53937/5e 
 \C70/rm/m/n/10.53937/7b ,\OT1/cmr/m/n/10.53937 162-217\C70/rm/m/n/10.53937/88 
L|\C70/rm/m/n/10.53937/ff ^^L| \C70/rm/m/n/10.53937/63  \C70/rm/m/n/10.53937/5
2 M \C70/rm/m/n/10.53937/75 3 \C70/rm/m/n/10.53937/8b  \C70/rm/m/n/10.53937/51
  \C70/rm/m/n/10.53937/5b X|\C70/rm/m/n/10.53937/ff ^^L| \C70/rm/m/n/10.53937/
89  \C70/rm/m/n/10.53937/5b  \C70/rm/m/n/10.53937/4e  0 \C70/rm/m/n/10.53937
/5e |\C70/rm/m/n/10.53937/30 ^^A| \C70/rm/m/n/10.53937/70  \C70/rm/m/n/10.539
37/52  \C70/rm/m/n/10.53937/73  \C70/rm/m/n/10.53937/90 ^^Z \C70/rm/m/n/10.53
937/91 |\C70/rm/m/n/10.53937/30 ^^A| \C70/rm/m/n/10.53937/8d (
 []


Underfull \hbox (badness 10000) in paragraph at lines 184--184
\C70/rm/m/n/10.53937/91 |\C70/rm/m/n/10.53937/30 ^^A| \OT1/cmr/m/n/10.53937 ge
o\C70/rm/m/n/10.53937/90 ^^Z \C70/rm/m/n/10.53937/91  \C70/rm/m/n/10.53937/76 
 \C70/rm/m/n/10.53937/68 < \C70/rm/m/n/10.53937/5f ^^O|\C70/rm/m/n/10.53937/30
 ^^B| \C70/rm/m/n/10.53937/65  \C70/rm/m/n/10.53937/72 H \C70/rm/m/n/10.53937/
7a  \C70/rm/m/n/10.53937/5e  \C70/rm/m/n/10.53937/4e - \C70/rm/m/n/10.53937/5
b  \C70/rm/m/n/10.53937/52   \C70/rm/m/n/10.53937/96 d \C70/rm/m/n/10.53937/4e
  \C70/rm/m/n/10.53937/70  \C70/rm/m/n/10.53937/52  \C70/rm/m/n/10.53937/73 
 \C70/rm/m/n/10.53937/90 ^^Z \C70/rm/m/n/10.53937/91  \C70/rm/m/n/10.53937/8f
 l \C70/rm/m/n/10.53937/80 ^^L \C70/rm/m/n/10.53937/8b  \C70/rm/m/n/10.53937/7
b  \C70/rm/m/n/10.53937/70  \C70/rm/m/n/10.53937/52 
 []


Underfull \hbox (badness 10000) in paragraph at lines 184--184
\C70/rm/m/n/10.53937/73 |\C70/rm/m/n/10.53937/ff ^^L| \C70/rm/m/n/10.53937/5b 
 \C70/rm/m/n/10.53937/5e \OT1/cmr/bx/n/10.53937 Computation.Lithosphere.Layer
.Heat[]Power|\C70/rm/m/n/10.53937/ff ^^L| \C70/rm/m/n/10.53937/5c ^^F \C70/rm/m
/n/10.53937/4e 0 \C70/rm/m/n/10.53937/5e  \C70/rm/m/n/10.53937/62  \C70/rm/m/
n/10.53937/52 ^^F 0
 []


Underfull \hbox (badness 10000) in paragraph at lines 184--184
\C70/rm/m/n/10.53937/4e \OT1/cmr/bx/n/10.53937 Geology.Lithosphere.Model.Abund
ance\C70/rm/m/n/10.53937/54 \OT1/cmr/bx/n/10.53937 Computation.Lithosphere.Lay
er.Abundance\C70/rm/m/n/10.53937/5f S
 []


Underfull \hbox (badness 10000) in paragraph at lines 184--184
\C70/rm/m/n/10.53937/4e -|\C70/rm/m/n/10.53937/ff ^^[| \C70/rm/m/n/10.53937/8d 
( \C70/rm/m/n/10.53937/91  \C70/rm/m/n/10.53937/65 > \C70/rm/m/n/10.53937/52 0
 \C70/rm/m/n/10.53937/4e \OT1/cmr/bx/n/10.53937 Computation.Lithosphere.Layer.
Mass\C70/rm/m/n/10.53937/4e -|\C70/rm/m/n/10.53937/ff ^^[| \OT1/cmr/m/n/10.5393
7 geo\C70/rm/m/n/10.53937/90 ^^Z \C70/rm/m/n/10.53937/91  \C70/rm/m/n/10.53937
/65 > \C70/rm/m/n/10.53937/52 0
 []


Underfull \hbox (badness 6412) in paragraph at lines 184--184
\C70/rm/m/n/10.53937/4e \OT1/cmr/bx/n/10.53937 Computation.Lithosphere.Layer.G
eo[]Flux\C70/rm/m/n/10.53937/4e -|\C70/rm/m/n/10.53937/ff ^^[| \C70/rm/m/n/10.5
3937/52   \C70/rm/m/n/10.53937/96 d \C70/rm/m/n/10.53937/4e \OT1/cmr/bx/n/10.5
3937 sum\C70/rm/m/n/10.53937/53  \C70/rm/m/n/10.53937/91 |\C70/rm/m/n/10.5393
7/ff ^^L| \C70/rm/m/n/10.53937/57 ( \C70/rm/m/n/10.53937/51 h \C70/rm/m/n/10.53
937/90  \C70/rm/m/n/10.53937/5b  \C70/rm/m/n/10.53937/62 ^^P \C70/rm/m/n/10.5
3937/8b  \C70/rm/m/n/10.53937/7b  \C70/rm/m/n/10.53937/4e K \C70/rm/m/n/10.53
937/54 ^^N \C70/rm/m/n/10.53937/51  \C70/rm/m/n/10.53937/8f 
 []


Underfull \hbox (badness 10000) in paragraph at lines 189--191
[]\C70/rm/m/n/10.53937/4e ; \C70/rm/m/n/10.53937/7a  \C70/rm/m/n/10.53937/5e 
 \C70/rm/m/n/10.53937/7b ,\OT1/cmr/m/n/10.53937 218-242\C70/rm/m/n/10.53937/88 
L|\C70/rm/m/n/10.53937/ff ^^L| \C70/rm/m/n/10.53937/4e  \C70/rm/m/n/10.53937/7
5 ^^_ \C70/rm/m/n/10.53937/51 s \C70/rm/m/n/10.53937/80 T \C70/rm/m/n/10.53937/
7c  \C70/rm/m/n/10.53937/65 p|\C70/rm/m/n/10.53937/ff ^^L| \C70/rm/m/n/10.5393
7/5b  \C70/rm/m/n/10.53937/4e  \C70/rm/m/n/10.53937/4f ^^Z \C70/rm/m/n/10.539
37/75 ( \C70/rm/m/n/10.53937/4e  \C70/rm/m/n/10.53937/9a  \C70/rm/m/n/10.5393
7/65  \C70/rm/m/n/10.53937/54 \OT1/cmr/m/n/10.53937 log\C70/rm/m/n/10.53937/9
a  \C70/rm/m/n/10.53937/65  \C70/rm/m/n/10.53937/96  \C70/rm/m/n/10.53937/67
 : \C70/rm/m/n/10.53937/62  \C70/rm/m/n/10.53937/68 7|\C70/rm/m/n/10.53937/30 
^^B| \C70/rm/m/n/10.53937/8f  \C70/rm/m/n/10.53937/6b  \C70/rm/m/n/10.53937/4
e  \C70/rm/m/n/10.53937/78 ^^A \C70/rm/m/n/10.53937/96  \C70/rm/m/n/10.53937/
62 ^^P \C70/rm/m/n/10.53937/52 0
 []


Underfull \hbox (badness 10000) in paragraph at lines 191--192
[]\C70/rm/m/n/10.53937/4e ; \C70/rm/m/n/10.53937/7a  \C70/rm/m/n/10.53937/5e 
 \C70/rm/m/n/10.53937/7b ,\OT1/cmr/m/n/10.53937 243-261\C70/rm/m/n/10.53937/88 
L|\C70/rm/m/n/10.53937/ff ^^L| \C70/rm/m/n/10.53937/4e  \C70/rm/m/n/10.53937/7
5 ^^_ \C70/rm/m/n/10.53937/51 s \C70/rm/m/n/10.53937/80 T \C70/rm/m/n/10.53937/
7c  \C70/rm/m/n/10.53937/65 p|\C70/rm/m/n/10.53937/ff ^^L| \C70/rm/m/n/10.5393
7/5b  \C70/rm/m/n/10.53937/4e  \C70/rm/m/n/10.53937/75 ( \C70/rm/m/n/10.53937
/4e \OT1/cmr/m/n/10.53937 Bivart\C70/rm/m/n/10.53937/65  \C70/rm/m/n/10.53937
/6c  \C70/rm/m/n/10.53937/4e - \C70/rm/m/n/10.53937/76  \C70/rm/m/n/10.53937/
96  \C70/rm/m/n/10.53937/67 : \C70/rm/m/n/10.53937/62  \C70/rm/m/n/10.53937/6
8 7|\C70/rm/m/n/10.53937/30 ^^B| \C70/rm/m/n/10.53937/8f  \C70/rm/m/n/10.53937
/6b  \C70/rm/m/n/10.53937/4e  \C70/rm/m/n/10.53937/78 ^^A \C70/rm/m/n/10.5393
7/96  \C70/rm/m/n/10.53937/62 ^^P \C70/rm/m/n/10.53937/52 0
 []


Underfull \hbox (badness 10000) in paragraph at lines 194--196
[]\C70/rm/m/n/10.53937/4e ; \C70/rm/m/n/10.53937/7a  \C70/rm/m/n/10.53937/5e 
 \C70/rm/m/n/10.53937/7b ,\OT1/cmr/m/n/10.53937 262-263\C70/rm/m/n/10.53937/88 
L|\C70/rm/m/n/10.53937/ff ^^L| \C70/rm/m/n/10.53937/5b  \C70/rm/m/n/10.53937/4
e I \OT1/cmr/m/n/10.53937 K\C70/rm/m/n/10.53937/51 C \C70/rm/m/n/10.53937/7d  
 \C70/rm/m/n/10.53937/57 ($\OML/cmm/m/it/10.53937 K[]O$\C70/rm/m/n/10.53937/76 
 \C70/rm/m/n/10.53937/8d ( \C70/rm/m/n/10.53937/91  \C70/rm/m/n/10.53937/53 `
 \C70/rm/m/n/10.53937/6b  \C70/rm/m/n/10.53937/4e ^^N$[][]\OML/cmm/m/it/10.539
37 K$\C70/rm/m/n/10.53937/57 ($\OML/cmm/m/it/10.53937 K$\C70/rm/m/n/10.53937/4e
 - \C70/rm/m/n/10.53937/76  \C70/rm/m/n/10.53937/8d ( \C70/rm/m/n/10.53937/91 
 \C70/rm/m/n/10.53937/52 ^^F \C70/rm/m/n/10.53937/65 p|\C70/rm/m/n/10.53937/30
 ^^B| \C70/rm/m/n/10.53937/52 ^^F + \C70/rm/m/n/10.53937/65 > \C70/rm/m/n/10.53
937/52 0
 []


Underfull \hbox (badness 4366) in paragraph at lines 203--205
\OT1/cmr/m/n/10.53937 Th|\C70/rm/m/n/10.53937/30 ^^A| \OT1/cmr/m/n/10.53937 K\C
70/rm/m/n/10.53937/76  \C70/rm/m/n/10.53937/4e 0 \C70/rm/m/n/10.53937/5e |\C7
0/rm/m/n/10.53937/30 ^^B| \C70/rm/m/n/10.53937/8f  \C70/rm/m/n/10.53937/91  \
C70/rm/m/n/10.53937/76 $\OML/cmm/m/it/10.53937 U$\C70/rm/m/n/10.53937/53 ^^E \
C70/rm/m/n/10.53937/54 +$[][]\OML/cmm/m/it/10.53937 U$\C70/rm/m/n/10.53937/54 
$[][]\OML/cmm/m/it/10.53937 U$|\C70/rm/m/n/10.53937/ff ^^[| $\OML/cmm/m/it/10.5
3937 K$\C70/rm/m/n/10.53937/53 ^^E \C70/rm/m/n/10.53937/54 +$\OML/cmm/m/it/10.5
3937 K$\C70/rm/m/n/10.53937/76  \C70/rm/m/n/10.53937/62 @ \C70/rm/m/n/10.53937
/67 	 \C70/rm/m/n/10.53937/54 ^^L \C70/rm/m/n/10.53937/4f M \C70/rm/m/n/10.5393
7/7d  |\C70/rm/m/n/10.53937/30 ^^B| \C70/rm/m/n/10.53937/53  \C70/rm/m/n/10.53
937/65 p \C70/rm/m/n/10.53937/8f  \C70/rm/m/n/10.53937/51 e \C70/rm/m/n/10.539
37/54 H \C70/rm/m/n/10.53937/73  \C70/rm/m/n/10.53937/57 ( \C70/rm/m/n/10.5393
7/4e ; \C70/rm/m/n/10.53937/7a  \C70/rm/m/n/10.53937/5e |\C70/rm/m/n/10.53937
/ff ^^L| \C70/rm/m/n/10.53937/8c ^^C
 []

[13]
Underfull \hbox (badness 10000) in paragraph at lines 208--210
[]\C70/rm/m/n/10.53937/4e ; \C70/rm/m/n/10.53937/7a  \C70/rm/m/n/10.53937/5e 
 \C70/rm/m/n/10.53937/7b ,\OT1/cmr/m/n/10.53937 325-339\C70/rm/m/n/10.53937/88 
L|\C70/rm/m/n/10.53937/ff ^^L| \C70/rm/m/n/10.53937/5b  \C70/rm/m/n/10.53937/4
e I \OT1/cmr/m/n/10.53937 amphibolite\C70/rm/m/n/10.53937/54 \OT1/cmr/m/n/10.
53937 granulite\C70/rm/m/n/10.53937/76 \OT1/cmr/m/n/10.53937 HPEs\C70/rm/m/n/1
0.53937/4e 0 \C70/rm/m/n/10.53937/5e |\C70/rm/m/n/10.53937/ff ^^L| \C70/rm/m/n
/10.53937/5b  \C70/rm/m/n/10.53937/4e  \C70/rm/m/n/10.53937/4f ^^Z \C70/rm/m/
n/10.53937/75 ( \C70/rm/m/n/10.53937/4e \OT1/cmr/m/n/10.53937 Huang's\C70/rm/m
/n/10.53937/8b  \C70/rm/m/n/10.53937/7b |\C70/rm/m/n/10.53937/30 ^^B|
 []


Underfull \hbox (badness 10000) in paragraph at lines 208--210
[]\C70/rm/m/n/10.53937/8f  \C70/rm/m/n/10.53937/91  \C70/rm/m/n/10.53937/76 
\OT1/cmr/m/n/10.53937 K \C70/rm/m/n/10.53937/5b  \C70/rm/m/n/10.53937/96 E \C7
0/rm/m/n/10.53937/4e 
 \C70/rm/m/n/10.53937/63 ^^G \C70/rm/m/n/10.53937/76  \C70/rm/m/n/10.53937/66 
/$[][]\OML/cmm/m/it/10.53937 K$|\C70/rm/m/n/10.53937/ff ^^L| \C70/rm/m/n/10.539
37/56  \C70/rm/m/n/10.53937/4e :\OT1/cmr/bx/n/10.53937 wt\C70/rm/m/n/10.53937/
76  \C70/rm/m/n/10.53937/88 h \C70/rm/m/n/10.53937/8f  \C70/rm/m/n/10.53937/5
f ^^O \C70/rm/m/n/10.53937/4e - X $[][]\OML/cmm/m/it/10.53937 K$\C70/rm/m/n/10
.53937/76  \C70/rm/m/n/10.53937/8d ( \C70/rm/m/n/10.53937/91  \C70/rm/m/n/10.
53937/52 ^^F \C70/rm/m/n/10.53937/65 p|\C70/rm/m/n/10.53937/30 ^^B| []|^^B| \C7
0/rm/m/n/10.53937/8f  \C70/rm/m/n/10.53937/6b  \C70/rm/m/n/10.53937/4e  \C70
/rm/m/n/10.53937/78 ^^A \C70/rm/m/n/10.53937/96  \C70/rm/m/n/10.53937/62 ^^P \
C70/rm/m/n/10.53937/52 0
 []


Underfull \hbox (badness 10000) in paragraph at lines 210--211
[]\C70/rm/m/n/10.53937/4e ; \C70/rm/m/n/10.53937/7a  \C70/rm/m/n/10.53937/5e 
 \C70/rm/m/n/10.53937/7b ,\OT1/cmr/m/n/10.53937 340-348\C70/rm/m/n/10.53937/88 
L|\C70/rm/m/n/10.53937/ff ^^L| \C70/rm/m/n/10.53937/5b  \C70/rm/m/n/10.53937/4
e I \OT1/cmr/m/n/10.53937 endmember|\C70/rm/m/n/10.53937/ff ^^L| \C70/rm/m/n/1
0.53937/5b  \C70/rm/m/n/10.53937/4e  \C70/rm/m/n/10.53937/75 ( \C70/rm/m/n/10
.53937/4e \OT1/cmr/m/n/10.53937 Bivart's\C70/rm/m/n/10.53937/8b  \C70/rm/m/n/
10.53937/7b |\C70/rm/m/n/10.53937/30 ^^B| \C70/rm/m/n/10.53937/8f  \C70/rm/m/
n/10.53937/6b  \C70/rm/m/n/10.53937/4e  \C70/rm/m/n/10.53937/78 ^^A \C70/rm/m
/n/10.53937/96  \C70/rm/m/n/10.53937/62 ^^P \C70/rm/m/n/10.53937/52 0
 []


Underfull \hbox (badness 10000) in paragraph at lines 210--211
\C70/rm/m/n/10.53937/4e \OT1/cmr/bx/n/10.53937 Compute[]Lithosphere::Compute[]
Layer[]Abundance[]Compute[]Abundance()\C70/rm/m/n/10.53937/4e -|\C70/rm/m/n/10.
53937/ff ^^L| \C70/rm/m/n/10.53937/8b  \C70/rm/m/n/10.53937/5b  \C70/rm/m/n/1
0.53937/8b 
 []


Underfull \hbox (badness 10000) in paragraph at lines 219--221
[]\C70/rm/m/n/10.53937/4e ; \C70/rm/m/n/10.53937/7a  \C70/rm/m/n/10.53937/5e 
 \C70/rm/m/n/10.53937/7b ,\OT1/cmr/m/n/10.53937 374-378\C70/rm/m/n/10.53937/88 
L|\C70/rm/m/n/10.53937/ff ^^L| \C70/rm/m/n/10.53937/8f  \C70/rm/m/n/10.53937/5
1 e \C70/rm/m/n/10.53937/76  \C70/rm/m/n/10.53937/66 / \C70/rm/m/n/10.53937/53
 U \C70/rm/m/n/10.53937/4f M \C70/rm/m/n/10.53937/8d ( \C70/rm/m/n/10.53937/91 
\OT1/cmr/m/n/10.53937 HPEs\C70/rm/m/n/10.53937/4e  \C70/rm/m/n/10.53937/75 ^^
_ \C70/rm/m/n/10.53937/76  \C70/rm/m/n/10.53937/70  \C70/rm/m/n/10.53937/52 
 \C70/rm/m/n/10.53937/73 |\C70/rm/m/n/10.53937/30 ^^B| \C70/rm/m/n/10.53937/8f
  \C70/rm/m/n/10.53937/6b  \C70/rm/m/n/10.53937/4e  \C70/rm/m/n/10.53937/78 
^^A \C70/rm/m/n/10.53937/96  \C70/rm/m/n/10.53937/62 ^^P \C70/rm/m/n/10.53937/
52 0
 []


Overfull \hbox (25.239pt too wide) in paragraph at lines 221--223
[]\C70/rm/m/n/10.53937/4e ; \C70/rm/m/n/10.53937/7a  \C70/rm/m/n/10.53937/5e 
 \C70/rm/m/n/10.53937/7b ,\OT1/cmr/m/n/10.53937 379-384\C70/rm/m/n/10.53937/88 
L|\C70/rm/m/n/10.53937/ff ^^L| \C70/rm/m/n/10.53937/8f  \C70/rm/m/n/10.53937/5
1 e \C70/rm/m/n/10.53937/76  \C70/rm/m/n/10.53937/66 /\OT1/cmr/m/n/10.53937 HP
Es\C70/rm/m/n/10.53937/76  \C70/rm/m/n/10.53937/64 i \C70/rm/m/n/10.53937/5c ^
^T \C70/rm/m/n/10.53937/52 ^^F \C70/rm/m/n/10.53937/65 p|\C70/rm/m/n/10.53937/3
0 ^^B| \C70/rm/m/n/10.53937/8f  \C70/rm/m/n/10.53937/6b  \C70/rm/m/n/10.53937
/4e  \C70/rm/m/n/10.53937/78 ^^A \C70/rm/m/n/10.53937/96  \C70/rm/m/n/10.5393
7/62 ^^P \C70/rm/m/n/10.53937/52 0 \C70/rm/m/n/10.53937/4e \OT1/cmr/bx/n/10.53
937 Physics.Elements.Abundance.Mole|\C70/rm/m/n/10.53937/30 ^^B|
 []


Underfull \hbox (badness 10000) in paragraph at lines 221--223

 []


Underfull \hbox (badness 10000) in paragraph at lines 223--225
[]\C70/rm/m/n/10.53937/4e ; \C70/rm/m/n/10.53937/7a  \C70/rm/m/n/10.53937/5e 
 \C70/rm/m/n/10.53937/7b ,\OT1/cmr/m/n/10.53937 385-391\C70/rm/m/n/10.53937/88 
L|\C70/rm/m/n/10.53937/ff ^^L| \C70/rm/m/n/10.53937/8f  \C70/rm/m/n/10.53937/5
1 e \C70/rm/m/n/10.53937/76  \C70/rm/m/n/10.53937/66 /\OT1/cmr/m/n/10.53937 HP
Es\C70/rm/m/n/10.53937/76  \C70/rm/m/n/10.53937/53  \C70/rm/m/n/10.53937/5b P
 \C70/rm/m/n/10.53937/8d ( \C70/rm/m/n/10.53937/91  \C70/rm/m/n/10.53937/4e  
\C70/rm/m/n/10.53937/53 \OT1/cmr/m/n/10.53937 amu\C70/rm/m/n/10.53937/54 \OT1
/cmr/m/n/10.53937 kg\C70/rm/m/n/10.53937/76  \C70/rm/m/n/10.53937/63 b \C70/rm
/m/n/10.53937/7b  \C70/rm/m/n/10.53937/51 s \C70/rm/m/n/10.53937/7c |\C70/rm/
m/n/10.53937/30 ^^B| \C70/rm/m/n/10.53937/65 > \C70/rm/m/n/10.53937/52 0
 []


Underfull \hbox (badness 10000) in paragraph at lines 229--231
[]\C70/rm/m/n/10.53937/4e ; \C70/rm/m/n/10.53937/7a  \C70/rm/m/n/10.53937/5e 
 \C70/rm/m/n/10.53937/7b ,\OT1/cmr/m/n/10.53937 400-408\C70/rm/m/n/10.53937/88 
L|\C70/rm/m/n/10.53937/ff ^^L| \C70/rm/m/n/10.53937/8f  \C70/rm/m/n/10.53937/5
1 e \C70/rm/m/n/10.53937/76  \C70/rm/m/n/10.53937/66 / \C70/rm/m/n/10.53937/4e
 - \C70/rm/m/n/10.53937/5f  \C70/rm/m/n/10.53937/5b P \C70/rm/m/n/10.53937/63 
/ \C70/rm/m/n/10.53937/83 a \C70/rm/m/n/10.53937/5e 8 \C70/rm/m/n/10.53937/65 p
|\C70/rm/m/n/10.53937/30 ^^B| \C70/rm/m/n/10.53937/65 > \C70/rm/m/n/10.53937/52
 0 \C70/rm/m/n/10.53937/4e \OT1/cmr/bx/n/10.53937 Physics.Oscillation.Paramete
rs|\C70/rm/m/n/10.53937/ff ^^L| \C70/rm/m/n/10.53937/90 ^^Z
 []


Underfull \hbox (badness 10000) in paragraph at lines 231--232
[]\C70/rm/m/n/10.53937/4e ; \C70/rm/m/n/10.53937/7a  \C70/rm/m/n/10.53937/5e 
 \C70/rm/m/n/10.53937/7b ,\OT1/cmr/m/n/10.53937 409-411\C70/rm/m/n/10.53937/88 
L|\C70/rm/m/n/10.53937/ff ^^L| \C70/rm/m/n/10.53937/8b  \C70/rm/m/n/10.53937/7
b  \C70/rm/m/n/10.53937/4e  	 * \C70/rm/m/n/10.53937/7c  \C70/rm/m/n/10.5393
7/65 p|\C70/rm/m/n/10.53937/ff ^^L| \C70/rm/m/n/10.53937/4f  \C70/rm/m/n/10.53
937/4e  - \C70/rm/m/n/10.53937/5f  \C70/rm/m/n/10.53937/5b P \C70/rm/m/n/10.5
3937/63 / \C70/rm/m/n/10.53937/83 a \C70/rm/m/n/10.53937/76  \C70/rm/m/n/10.53
937/8b  \C70/rm/m/n/10.53937/7b |\C70/rm/m/n/10.53937/30 ^^B| \C70/rm/m/n/10.
53937/65 > \C70/rm/m/n/10.53937/52 0
 []


Underfull \hbox (badness 1248) in paragraph at lines 236--238
[]\C70/rm/m/n/10.53937/4e ; \C70/rm/m/n/10.53937/7a  \C70/rm/m/n/10.53937/5e 
 \C70/rm/m/n/10.53937/7b ,\OT1/cmr/m/n/10.53937 412-421\C70/rm/m/n/10.53937/88 
L|\C70/rm/m/n/10.53937/ff ^^L| \C70/rm/m/n/10.53937/8f  \C70/rm/m/n/10.53937/5
1 e \C70/rm/m/n/10.53937/76  \C70/rm/m/n/10.53937/66 / \C70/rm/m/n/10.53937/4e
 - \C70/rm/m/n/10.53937/5f  \C70/rm/m/n/10.53937/5b P \C70/rm/m/n/10.53937/76 
 \C70/rm/m/n/10.53937/80  \C70/rm/m/n/10.53937/91 |\C70/rm/m/n/10.53937/ff ^
^L| \C70/rm/m/n/10.53937/75 ( \C70/rm/m/n/10.53937/4e  \C70/rm/m/n/10.53937/8b
  \C70/rm/m/n/10.53937/7b \OT1/cmr/m/n/10.53937 IBD\C70/rm/m/n/10.53937/62 * 
\C70/rm/m/n/10.53937/97 b \C70/rm/m/n/10.53937/54  \C70/rm/m/n/10.53937/75 ; \
C70/rm/m/n/10.53937/56  \C70/rm/m/n/10.53937/7b I \C70/rm/m/n/10.53937/64  \C
70/rm/m/n/10.53937/4f \|\C70/rm/m/n/10.53937/30 ^^B| \OT1/cmr/m/n/10.53937 bin\
C70/rm/m/n/10.53937/5b $\OT1/cmr/m/n/10.53937 75$ keV|\C70/rm/m/n/10.53937/ff 
^^L| \C70/rm/m/n/10.53937/83 ^^C
 []


Underfull \hbox (badness 2334) in paragraph at lines 236--238
\C70/rm/m/n/10.53937/56  \C70/rm/m/n/10.53937/4e $\OT1/cmr/m/n/10.53937 0 \OM
S/cmsy/m/n/10.53937 ^^@ \OT1/cmr/m/n/10.53937 3300$ keV|\C70/rm/m/n/10.53937/30
 ^^B| \C70/rm/m/n/10.53937/8f  \C70/rm/m/n/10.53937/6b  \C70/rm/m/n/10.53937/
4e  \C70/rm/m/n/10.53937/78 ^^A \C70/rm/m/n/10.53937/62  \C70/rm/m/n/10.53937
/52 ^^F \C70/rm/m/n/10.53937/62 ^^P \C70/rm/m/n/10.53937/4e \OT1/cmr/bx/n/10.5
3937 Physics.Elements.Specturm.Energy|\C70/rm/m/n/10.53937/ff ^^L| \C70/rm/m/n/
10.53937/80  \C70/rm/m/n/10.53937/91  \C70/rm/m/n/10.53937/76  \C70/rm/m/n/1
0.53937/8b  \C70/rm/m/n/10.53937/53  \C70/rm/m/n/10.53937/65 > \C70/rm/m/n/10
.53937/52 0
 []


Underfull \hbox (badness 10000) in paragraph at lines 238--240
[]\C70/rm/m/n/10.53937/4e ; \C70/rm/m/n/10.53937/7a  \C70/rm/m/n/10.53937/5e 
 \C70/rm/m/n/10.53937/7b ,\OT1/cmr/m/n/10.53937 422-232\C70/rm/m/n/10.53937/88 
L|\C70/rm/m/n/10.53937/ff ^^L| \C70/rm/m/n/10.53937/52  \C70/rm/m/n/10.53937/8
f } \C70/rm/m/n/10.53937/4e \OT1/cmr/m/n/10.53937 Enomoto\C70/rm/m/n/10.53937/
63  \C70/rm/m/n/10.53937/4f  \C70/rm/m/n/10.53937/76 \OT1/cmr/m/n/10.53937 H
PE\C70/rm/m/n/10.53937/88 p \C70/rm/m/n/10.53937/53  \C70/rm/m/n/10.53937/76 
 \C70/rm/m/n/10.53937/4e - \C70/rm/m/n/10.53937/5f  \C70/rm/m/n/10.53937/5b P 
\C70/rm/m/n/10.53937/80  \C70/rm/m/n/10.53937/8c 1|\C70/rm/m/n/10.53937/ff ^^L
| \C70/rm/m/n/10.53937/5e v \C70/rm/m/n/10.53937/68 9 \C70/rm/m/n/10.53937/63 n
 \C70/rm/m/n/10.53937/8b  \C70/rm/m/n/10.53937/7f n \C70/rm/m/n/10.53937/76 \
OT1/cmr/m/n/10.53937 bin\C70/rm/m/n/10.53937/5b  \C70/rm/m/n/10.53937/91  \C7
0/rm/m/n/10.53937/65  \C70/rm/m/n/10.53937/8b 
 []


Underfull \hbox (badness 10000) in paragraph at lines 240--242
[]\C70/rm/m/n/10.53937/4e ; \C70/rm/m/n/10.53937/7a  \C70/rm/m/n/10.53937/5e 
 \C70/rm/m/n/10.53937/7b ,\OT1/cmr/m/n/10.53937 433-438\C70/rm/m/n/10.53937/88 
L|\C70/rm/m/n/10.53937/ff ^^L| \C70/rm/m/n/10.53937/8b  \C70/rm/m/n/10.53937/7
b  \C70/rm/m/n/10.53937/4e \OT1/cmr/m/n/10.53937 HPEs\C70/rm/m/n/10.53937/51 
C \C70/rm/m/n/10.53937/7d   \C70/rm/m/n/10.53937/4e ^^@ \C70/rm/m/n/10.53937/6b
 ! \C70/rm/m/n/10.53937/88 p \C70/rm/m/n/10.53937/53  \C70/rm/m/n/10.53937/5e 
s \C70/rm/m/n/10.53937/57 G \C70/rm/m/n/10.53937/65 > \C70/rm/m/n/10.53937/51 
 \C70/rm/m/n/10.53937/76  \C70/rm/m/n/10.53937/4e - \C70/rm/m/n/10.53937/5f  
\C70/rm/m/n/10.53937/5b P \C70/rm/m/n/10.53937/65 p \C70/rm/m/n/10.53937/76 |\
C70/rm/m/n/10.53937/30 ^^B| \C70/rm/m/n/10.53937/8f  \C70/rm/m/n/10.53937/6b 
 \C70/rm/m/n/10.53937/4e  \C70/rm/m/n/10.53937/78 ^^A \C70/rm/m/n/10.53937/96 
 \C70/rm/m/n/10.53937/62 ^^P \C70/rm/m/n/10.53937/52 0
 []

[14]
Underfull \hbox (badness 10000) in paragraph at lines 251--252
[]\C70/rm/m/n/10.53937/4e ; \C70/rm/m/n/10.53937/7a  \C70/rm/m/n/10.53937/5e 
 \C70/rm/m/n/10.53937/7b ,\OT1/cmr/m/n/10.53937 455-469\C70/rm/m/n/10.53937/88 
L|\C70/rm/m/n/10.53937/ff ^^L| \C70/rm/m/n/10.53937/5b  \C70/rm/m/n/10.53937/4
e I \OT1/cmr/bx/n/10.53937 layer[]cc[]flux[]sums, layer[]nf[]flux[]sums, layer
[]nf[]fluxs[]cc,
 []


Underfull \hbox (badness 2181) in paragraph at lines 251--252
\OT1/cmr/bx/n/10.53937 layer[]oc[]flux[]sum\C70/rm/m/n/10.53937/76  \C70/rm/m/
n/10.53937/89  \C70/rm/m/n/10.53937/68 <|\C70/rm/m/n/10.53937/ff ^^Z| \OT1/cmr
/m/n/10.53937 iteration * 2 \C70/rm/m/n/10.53937/80  \C70/rm/m/n/10.53937/91 
\OT1/cmr/m/n/10.53937 bin\C70/rm/m/n/10.53937/95 ^^? \C70/rm/m/n/10.53937/5e |
\C70/rm/m/n/10.53937/30 ^^B| \C70/rm/m/n/10.53937/8f  \C70/rm/m/n/10.53937/91 
 \C70/rm/m/n/10.53937/66 / \C70/rm/m/n/10.53937/4e $ \C70/rm/m/n/10.53937/50 ^
^M \C70/rm/m/n/10.53937/80  \C70/rm/m/n/10.53937/91 \OT1/cmr/m/n/10.53937 bin
\C70/rm/m/n/10.53937/5b  \C70/rm/m/n/10.53937/66 / \C70/rm/m/n/10.53937/60  \
C70/rm/m/n/10.53937/62 \OT1/cmr/m/n/10.53937 U\C70/rm/m/n/10.53937/54 \OT1/cm
r/m/n/10.53937 Th\C70/rm/m/n/10.53937/54 ^^L \C70/rm/m/n/10.53937/65 
 []


Underfull \hbox (badness 10000) in paragraph at lines 254--255
[]\C70/rm/m/n/10.53937/4e ; \C70/rm/m/n/10.53937/7a  \C70/rm/m/n/10.53937/5e 
 \C70/rm/m/n/10.53937/7b ,\OT1/cmr/m/n/10.53937 470-476\C70/rm/m/n/10.53937/88 
L \C70/rm/m/n/10.53937/64 ^^\ \C70/rm/m/n/10.53937/7d " \C70/rm/m/n/10.53937/4e
 \OT1/cmr/m/n/10.53937 detector\C70/rm/m/n/10.53937/67 ^^@ \C70/rm/m/n/10.5393
7/8f  \C70/rm/m/n/10.53937/76 \OT1/cmr/m/n/10.53937 cell|\C70/rm/m/n/10.53937
/ff ^^L| \C70/rm/m/n/10.53937/71 6 \C70/rm/m/n/10.53937/54 ^^N \C70/rm/m/n/10.5
3937/66  \C70/rm/m/n/10.53937/65  \C70/rm/m/n/10.53937/4e \OT1/cmr/m/n/10.53
937 detector\C70/rm/m/n/10.53937/76  \C70/rm/m/n/10.53937/53 J \C70/rm/m/n/10.
53937/5f |\C70/rm/m/n/10.53937/30 ^^B| \C70/rm/m/n/10.53937/8f  \C70/rm/m/n/1
0.53937/6b  \C70/rm/m/n/10.53937/4e  \C70/rm/m/n/10.53937/78 ^^A \C70/rm/m/n/
10.53937/96  \C70/rm/m/n/10.53937/62 ^^P \C70/rm/m/n/10.53937/52 0
 []


Underfull \hbox (badness 10000) in paragraph at lines 286--287
[]\C70/rm/m/n/10.53937/65 t \C70/rm/m/n/10.53937/59 W \C70/rm/m/n/10.53937/5e v
 \C70/rm/m/n/10.53937/88 L \C70/rm/m/n/10.53937/8b  \C70/rm/m/n/10.53937/7b  
\C70/rm/m/n/10.53937/66 / \C70/rm/m/n/10.53937/63 	 \C70/rm/m/n/10.53937/71 g\O
T1/cmr/m/n/10.53937 cell\C70/rm/m/n/10.53937/5e v \C70/rm/m/n/10.53937/88 L \C7
0/rm/m/n/10.53937/8b  \C70/rm/m/n/10.53937/7b |\C70/rm/m/n/10.53937/ff ^^L| \
C70/rm/m/n/10.53937/63 b \C70/rm/m/n/10.53937/53  \C70/rm/m/n/10.53937/8b   
\C70/rm/m/n/10.53937/4e ^^@ \C70/rm/m/n/10.53937/5b  \C70/rm/m/n/10.53937/76 
 \C70/rm/m/n/10.53937/7a  \C70/rm/m/n/10.53937/4f S \C70/rm/m/n/10.53937/89  
\C70/rm/m/n/10.53937/8f  \C70/rm/m/n/10.53937/88 L \C70/rm/m/n/10.53937/5e v \
C70/rm/m/n/10.53937/88 L \C70/rm/m/n/10.53937/8b  \C70/rm/m/n/10.53937/7b |\C
70/rm/m/n/10.53937/ff ^^L| \C70/rm/m/n/10.53937/4e  \C70/rm/m/n/10.53937/67 ^^
@ \C70/rm/m/n/10.53937/59 ^^V \C70/rm/m/n/10.53937/5c B \C70/rm/m/n/10.53937/5f
  \C70/rm/m/n/10.53937/67 ^^@
 []


Underfull \hbox (badness 10000) in paragraph at lines 286--287
\C70/rm/m/n/10.53937/51  \C70/rm/m/n/10.53937/5c B \C70/rm/m/n/10.53937/8b  \
C70/rm/m/n/10.53937/7b |\C70/rm/m/n/10.53937/ff ^^L| \C70/rm/m/n/10.53937/57 (
\OT1/cmr/bx/n/10.53937 Abund[]And[]Flux()\C70/rm/m/n/10.53937/5b  \C70/rm/m/n/
10.53937/73  \C70/rm/m/n/10.53937/6e ) \C70/rm/m/n/10.53937/5e |\C70/rm/m/n/1
0.53937/30 ^^A| \C70/rm/m/n/10.53937/53  \C70/rm/m/n/10.53937/5f :|\C70/rm/m/n
/10.53937/30 ^^A| \C70/rm/m/n/10.53937/8d ( \C70/rm/m/n/10.53937/91 |\C70/rm/m
/n/10.53937/30 ^^A| \C70/rm/m/n/10.53937/4e 0 \C70/rm/m/n/10.53937/5e  \C70/rm
/m/n/10.53937/7b I \C70/rm/m/n/10.53937/8b  \C70/rm/m/n/10.53937/7b |\C70/rm/
m/n/10.53937/ff ^^[| \C70/rm/m/n/10.53937/65  \C70/rm/m/n/10.53937/72 H \C70/r
m/m/n/10.53937/7a  \C70/rm/m/n/10.53937/5e  \C70/rm/m/n/10.53937/52 ^^Y
 []


Underfull \hbox (badness 5985) in paragraph at lines 286--287
\C70/rm/m/n/10.53937/5c ^^F\OT1/cmr/bx/n/10.53937 Abund[]And[]Flux()\C70/rm/m/n
/10.53937/62  \C70/rm/m/n/10.53937/52 ^^F \C70/rm/m/n/10.53937/62 ^^P \C70/rm/
m/n/10.53937/4e  \C70/rm/m/n/10.53937/66  \C70/rm/m/n/10.53937/5c ^^O \C70/rm
/m/n/10.53937/76  \C70/rm/m/n/10.53937/51  \C70/rm/m/n/10.53937/65 p|\C70/rm/
m/n/10.53937/ff ^^L| \C70/rm/m/n/10.53937/8b  \C70/rm/m/n/10.53937/7b  \C70/r
m/m/n/10.53937/5b  \C70/rm/m/n/10.53937/67  \C70/rm/m/n/10.53937/4e ^^@ \C70/
rm/m/n/10.53937/57 0 \C70/rm/m/n/10.53937/5c B \C70/rm/m/n/10.53937/76  \C70/r
m/m/n/10.53937/62 @ \C70/rm/m/n/10.53937/67 	\OT1/cmr/m/n/10.53937 cell\C70/rm/
m/n/10.53937/76  \C70/rm/m/n/10.53937/62 @ \C70/rm/m/n/10.53937/67 	 \C70/rm/m
/n/10.53937/4f  \C70/rm/m/n/10.53937/60 o \C70/rm/m/n/10.53937/53  \C70/rm/m/
n/10.53937/4f ^^Z \C70/rm/m/n/10.53937/8b 
 []


Underfull \vbox (badness 7030) has occurred while \output is active []

 [15]
Underfull \vbox (badness 10000) has occurred while \output is active []

 [16]
Underfull \hbox (badness 3590) in paragraph at lines 322--322
[]\C70/rm/m/n/10.53937/51  \C70/rm/m/n/10.53937/65 p \C70/rm/m/n/10.53937/7b ,
\OT1/cmr/m/n/10.53937 123-126\C70/rm/m/n/10.53937/88 L|\C70/rm/m/n/10.53937/ff 
^^L| \C70/rm/m/n/10.53937/5b  \C70/rm/m/n/10.53937/4e I\OT1/cmr/m/n/10.53937 D
eepCrust\C70/rm/m/n/10.53937/4e -\OT1/cmr/m/n/10.53937 Huang\C70/rm/m/n/10.5393
7/65  \C70/rm/m/n/10.53937/6c  \C70/rm/m/n/10.53937/76  \C70/rm/m/n/10.53937
/4e 0 \C70/rm/m/n/10.53937/5e  \C70/rm/m/n/10.53937/8b  \C70/rm/m/n/10.53937/
7b  \C70/rm/m/n/10.53937/51 l \C70/rm/m/n/10.53937/5f ^^O|\C70/rm/m/n/10.53937
/ff ^^L| \C70/rm/m/n/10.53937/4f ^^Z \C70/rm/m/n/10.53937/75 ( \C70/rm/m/n/10.5
3937/4e  \C70/rm/m/n/10.53937/51  \C70/rm/m/n/10.53937/65 p \C70/rm/m/n/10.53
937/7b ,\OT1/cmr/m/n/10.53937 279-281\C70/rm/m/n/10.53937/88 L \C70/rm/m/n/10.5
3937/54  \C70/rm/m/n/10.53937/7b ,\OT1/cmr/m/n/10.53937 318-
 []


Underfull \hbox (badness 4229) in paragraph at lines 325--327
[]\C70/rm/m/n/10.53937/51  \C70/rm/m/n/10.53937/65 p \C70/rm/m/n/10.53937/7b ,
\OT1/cmr/m/n/10.53937 143-148\C70/rm/m/n/10.53937/88 L|\C70/rm/m/n/10.53937/ff 
^^L| \C70/rm/m/n/10.53937/62  \C70/rm/m/n/10.53937/52 0\OT1/cmr/m/n/10.53937 D
eepCrust\C70/rm/m/n/10.53937/4e -\OT1/cmr/m/n/10.53937 Bivart\C70/rm/m/n/10.539
37/65  \C70/rm/m/n/10.53937/6c  \C70/rm/m/n/10.53937/97 ^^@ \C70/rm/m/n/10.53
937/89  \C70/rm/m/n/10.53937/75 ( \C70/rm/m/n/10.53937/52 0 \C70/rm/m/n/10.539
37/76  \C70/rm/m/n/10.53937/53  \C70/rm/m/n/10.53937/91 |\C70/rm/m/n/10.5393
7/ff ^^L| \C70/rm/m/n/10.53937/4f ^^Z \C70/rm/m/n/10.53937/75 ( \C70/rm/m/n/10.
53937/4e  \C70/rm/m/n/10.53937/51  \C70/rm/m/n/10.53937/65 p \C70/rm/m/n/10.5
3937/7b ,\OT1/cmr/m/n/10.53937 288-290\C70/rm/m/n/10.53937/88 L \C70/rm/m/n/10.
53937/54  \C70/rm/m/n/10.53937/7b ,\OT1/cmr/m/n/10.53937 326-
 []


Underfull \hbox (badness 10000) in paragraph at lines 332--334
[]\C70/rm/m/n/10.53937/51  \C70/rm/m/n/10.53937/65 p \C70/rm/m/n/10.53937/7b ,
\OT1/cmr/m/n/10.53937 207-214\C70/rm/m/n/10.53937/88 L|\C70/rm/m/n/10.53937/ff 
^^L| \C70/rm/m/n/10.53937/5b \OT1/cmr/m/n/10.53937 depth|\C70/rm/m/n/10.53937/
30 ^^A| \OT1/cmr/m/n/10.53937 rho(\C70/rm/m/n/10.53937/5b  \C70/rm/m/n/10.5393
7/5e \OT1/cmr/m/n/10.53937 )\C70/rm/m/n/10.53937/8f  \C70/rm/m/n/10.53937/88 
L \C70/rm/m/n/10.53937/4e  \C70/rm/m/n/10.53937/9a  \C70/rm/m/n/10.53937/65 
 \C70/rm/m/n/10.53937/96  \C70/rm/m/n/10.53937/67 : \C70/rm/m/n/10.53937/62  
\C70/rm/m/n/10.53937/68 7|\C70/rm/m/n/10.53937/30 ^^B| \C70/rm/m/n/10.53937/52 
^^F + \C70/rm/m/n/10.53937/96  \C70/rm/m/n/10.53937/62 ^^P \C70/rm/m/n/10.5393
7/52 0
 []


LaTeX Warning: Command \textcelsius invalid in math mode on input line 341.


LaTeX Warning: Command \textcelsius invalid in math mode on input line 341.

Missing character: There is no  in font cmr10!

LaTeX Warning: Command \textcelsius invalid in math mode on input line 344.


LaTeX Warning: Command \textcelsius invalid in math mode on input line 344.


LaTeX Warning: Command \textcelsius invalid in math mode on input line 344.


LaTeX Warning: Command \textcelsius invalid in math mode on input line 344.

Missing character: There is no  in font cmr10!
Missing character: There is no  in font cmr10!

Underfull \hbox (badness 10000) in paragraph at lines 346--348
[]\C70/rm/m/n/10.53937/51  \C70/rm/m/n/10.53937/65 p \C70/rm/m/n/10.53937/7b ,
\OT1/cmr/m/n/10.53937 255-282\C70/rm/m/n/10.53937/88 L|\C70/rm/m/n/10.53937/ff 
^^L| \OT1/cmr/m/n/10.53937 MC\C70/rm/m/n/10.53937/5c B\OT1/cmr/m/n/10.53937 Hua
ng\C70/rm/m/n/10.53937/76  \C70/rm/m/n/10.53937/8b  \C70/rm/m/n/10.53937/7b 
 \C70/rm/m/n/10.53937/65  \C70/rm/m/n/10.53937/6c  \C70/rm/m/n/10.53937/8b  
\C70/rm/m/n/10.53937/7b \OT1/cmr/m/n/10.53937 U|\C70/rm/m/n/10.53937/30 ^^A| \
OT1/cmr/m/n/10.53937 Th|\C70/rm/m/n/10.53937/30 ^^A| $[][]\OML/cmm/m/it/10.5393
7 K$\C70/rm/m/n/10.53937/4e 0 \C70/rm/m/n/10.53937/5e |\C70/rm/m/n/10.53937/30
 ^^B| \C70/rm/m/n/10.53937/96  \C70/rm/m/n/10.53937/62 ^^P \C70/rm/m/n/10.5393
7/52 0
 []


Underfull \hbox (badness 10000) in paragraph at lines 348--350
[]\C70/rm/m/n/10.53937/51  \C70/rm/m/n/10.53937/65 p \C70/rm/m/n/10.53937/7b ,
\OT1/cmr/m/n/10.53937 283-293\C70/rm/m/n/10.53937/88 L|\C70/rm/m/n/10.53937/ff 
^^L| \OT1/cmr/m/n/10.53937 MC\C70/rm/m/n/10.53937/5c B\OT1/cmr/m/n/10.53937 Biv
art\C70/rm/m/n/10.53937/76  \C70/rm/m/n/10.53937/8b  \C70/rm/m/n/10.53937/7b 
 \C70/rm/m/n/10.53937/65  \C70/rm/m/n/10.53937/6c  \C70/rm/m/n/10.53937/8b 
 \C70/rm/m/n/10.53937/7b \OT1/cmr/m/n/10.53937 U|\C70/rm/m/n/10.53937/30 ^^A| 
\OT1/cmr/m/n/10.53937 Th|\C70/rm/m/n/10.53937/30 ^^A| $[][]\OML/cmm/m/it/10.539
37 K$\C70/rm/m/n/10.53937/4e 0 \C70/rm/m/n/10.53937/5e |\C70/rm/m/n/10.53937/f
f ^^L| \C70/rm/m/n/10.53937/96  \C70/rm/m/n/10.53937/62 ^^P \C70/rm/m/n/10.539
37/52 0
 []


Underfull \hbox (badness 10000) in paragraph at lines 350--352
[]\C70/rm/m/n/10.53937/51  \C70/rm/m/n/10.53937/65 p \C70/rm/m/n/10.53937/7b ,
\OT1/cmr/m/n/10.53937 294-336\C70/rm/m/n/10.53937/88 L|\C70/rm/m/n/10.53937/ff 
^^L| \OT1/cmr/m/n/10.53937 LC\C70/rm/m/n/10.53937/5c B\OT1/cmr/m/n/10.53937 Hua
ng\C70/rm/m/n/10.53937/54 \OT1/cmr/m/n/10.53937 Bivart\C70/rm/m/n/10.53937/76 
 \C70/rm/m/n/10.53937/8b  \C70/rm/m/n/10.53937/7b  \C70/rm/m/n/10.53937/65 
 \C70/rm/m/n/10.53937/6c  \C70/rm/m/n/10.53937/8b  \C70/rm/m/n/10.53937/7b \
OT1/cmr/m/n/10.53937 U|\C70/rm/m/n/10.53937/30 ^^A| \OT1/cmr/m/n/10.53937 Th|\C
70/rm/m/n/10.53937/30 ^^A| $[][]\OML/cmm/m/it/10.53937 K$\C70/rm/m/n/10.53937/4
e 0 \C70/rm/m/n/10.53937/5e |\C70/rm/m/n/10.53937/30 ^^B| \C70/rm/m/n/10.53937
/96  \C70/rm/m/n/10.53937/62 ^^P \C70/rm/m/n/10.53937/52 0
 []


Underfull \hbox (badness 10000) in paragraph at lines 352--354
[]\C70/rm/m/n/10.53937/51  \C70/rm/m/n/10.53937/65 p \C70/rm/m/n/10.53937/7b ,
\OT1/cmr/m/n/10.53937 337-356\C70/rm/m/n/10.53937/88 L|\C70/rm/m/n/10.53937/ff 
^^L| \C70/rm/m/n/10.53937/8b  \C70/rm/m/n/10.53937/7b  \C70/rm/m/n/10.53937/5
1 v \C70/rm/m/n/10.53937/4e  \C70/rm/m/n/10.53937/57 0 \C70/rm/m/n/10.53937/5c
 B\OT1/cmr/m/n/10.53937 U|\C70/rm/m/n/10.53937/30 ^^A| \OT1/cmr/m/n/10.53937 Th
|\C70/rm/m/n/10.53937/30 ^^A| $[][]\OML/cmm/m/it/10.53937 K$\C70/rm/m/n/10.5393
7/4e 0 \C70/rm/m/n/10.53937/5e |\C70/rm/m/n/10.53937/ff ^^L| \C70/rm/m/n/10.53
937/9a  \C70/rm/m/n/10.53937/65  \C70/rm/m/n/10.53937/62  \C70/rm/m/n/10.539
37/68 7 \C70/rm/m/n/10.53937/62 ^^V \C70/rm/m/n/10.53937/80 ^^E\OT1/cmr/m/n/10.
53937 Log\C70/rm/m/n/10.53937/9a  \C70/rm/m/n/10.53937/65  \C70/rm/m/n/10.539
37/62  \C70/rm/m/n/10.53937/68 7|\C70/rm/m/n/10.53937/30 ^^B| \C70/rm/m/n/10.5
3937/96  \C70/rm/m/n/10.53937/62 ^^P \C70/rm/m/n/10.53937/52 0
 []


Underfull \hbox (badness 10000) in paragraph at lines 354--355
[]\C70/rm/m/n/10.53937/51  \C70/rm/m/n/10.53937/65 p \C70/rm/m/n/10.53937/7b ,
\OT1/cmr/m/n/10.53937 357-399\C70/rm/m/n/10.53937/88 L|\C70/rm/m/n/10.53937/ff 
^^L| \C70/rm/m/n/10.53937/8b  \C70/rm/m/n/10.53937/7b \OT1/cmr/m/n/10.53937 U
|\C70/rm/m/n/10.53937/30 ^^A| \OT1/cmr/m/n/10.53937 TH|\C70/rm/m/n/10.53937/30 
^^A| $[][]\OML/cmm/m/it/10.53937 K$\C70/rm/m/n/10.53937/76  \C70/rm/m/n/10.539
37/8d ( \C70/rm/m/n/10.53937/91 \OT1/cmr/m/n/10.53937 (kg)|\C70/rm/m/n/10.5393
7/30 ^^A| \C70/rm/m/n/10.53937/70  \C70/rm/m/n/10.53937/52  \C70/rm/m/n/10.53
937/73 \OT1/cmr/m/n/10.53937 (W)|\C70/rm/m/n/10.53937/30 ^^A| \C70/rm/m/n/10.5
3937/70  \C70/rm/m/n/10.53937/6d A\OT1/cmr/m/n/10.53937 ($\OML/cmm/m/it/10.539
37 W=m[]$\OT1/cmr/m/n/10.53937 )|\C70/rm/m/n/10.53937/30 ^^B| \C70/rm/m/n/10.53
937/96  \C70/rm/m/n/10.53937/62 ^^P \C70/rm/m/n/10.53937/52 0
 []


Underfull \vbox (badness 1668) has occurred while \output is active []

 [17]
Underfull \hbox (badness 10000) in paragraph at lines 366--367
[]\C70/rm/m/n/10.53937/51  \C70/rm/m/n/10.53937/65 p \C70/rm/m/n/10.53937/7b ,
\OT1/cmr/m/n/10.53937 145-163\C70/rm/m/n/10.53937/88 L|\C70/rm/m/n/10.53937/ff 
^^L| \C70/rm/m/n/10.53937/8b  \C70/rm/m/n/10.53937/7b  \C70/rm/m/n/10.53937/4
e \OT1/cmr/m/n/10.53937 depleted|\C70/rm/m/n/10.53937/30 ^^A| \OT1/cmr/m/n/10.
53937 enriched\C70/rm/m/n/10.53937/57 0 \C70/rm/m/n/10.53937/5c B \C70/rm/m/n/1
0.53937/76  \C70/rm/m/n/10.53937/70  \C70/rm/m/n/10.53937/52  \C70/rm/m/n/10
.53937/73  \C70/rm/m/n/10.53937/54  \C70/rm/m/n/10.53937/70  \C70/rm/m/n/10.
53937/90 ^^Z \C70/rm/m/n/10.53937/91 |\C70/rm/m/n/10.53937/30 ^^B| \C70/rm/m/n
/10.53937/51  \C70/rm/m/n/10.53937/65 p \C70/rm/m/n/10.53937/7b ,\OT1/cmr/m/n/
10.53937 164-352\C70/rm/m/n/10.53937/88 L|\C70/rm/m/n/10.53937/ff ^^L| \C70/rm/
m/n/10.53937/8b  \C70/rm/m/n/10.53937/7b 
 []

[18] (./GEONU Docs.aux)

LaTeX Font Warning: Size substitutions with differences
(Font)              up to 0.41063pt have occurred.

 ) 
Here is how much of TeX's memory you used:
 36990 strings out of 476025
 751628 string characters out of 5794016
 1906382 words of memory out of 5000000
 56495 multiletter control sequences out of 15000+600000
 549067 words of font info for 165 fonts, out of 8000000 for 9000
 1141 hyphenation exceptions out of 8191
 106i,10n,107p,728b,1281s stack positions out of 10000i,1000n,20000p,200000b,200000s
<c:/Windows/Fonts/simsun.ttc><c:/Windows/Fonts/simsun.ttc><c:/Windows/Fonts/s
imsun.ttc><c:/Windows/Fonts/simsun.ttc><c:/Windows/Fonts/simsun.ttc><c:/Windows
/Fonts/simsun.ttc><c:/Windows/Fonts/simsun.ttc><c:/Windows/Fonts/simsun.ttc><c:
/Windows/Fonts/simsun.ttc><c:/Windows/Fonts/simhei.ttf><c:/Windows/Fonts/simhei
.ttf><c:/Windows/Fonts/simhei.ttf><c:/Windows/Fonts/simhei.ttf><c:/Windows/Font
s/simhei.ttf><c:/Windows/Fonts/simhei.ttf><c:/Windows/Fonts/simsun.ttc><c:/Wind
ows/Fonts/simsun.ttc><c:/Windows/Fonts/simsun.ttc><c:/Windows/Fonts/simsun.ttc>
<c:/Windows/Fonts/simhei.ttf><c:/Windows/Fonts/simhei.ttf><c:/Windows/Fonts/sim
sun.ttc><c:/Windows/Fonts/simsun.ttc><c:/Windows/Fonts/simsun.ttc><c:/Windows/F
onts/simsun.ttc><c:/Windows/Fonts/simsun.ttc><c:/Windows/Fonts/simsun.ttc><c:/W
indows/Fonts/simsun.ttc><c:/Windows/Fonts/simsun.ttc><c:/Windows/Fonts/simsun.t
tc><c:/Windows/Fonts/simsun.ttc><c:/Windows/Fonts/simsun.ttc><c:/Windows/Fonts/
simsun.ttc><c:/Windows/Fonts/simsun.ttc><c:/Windows/Fonts/simsun.ttc><c:/Window
s/Fonts/simsun.ttc><c:/Windows/Fonts/simsun.ttc><c:/Windows/Fonts/simsun.ttc><c
:/Windows/Fonts/simsun.ttc><c:/Windows/Fonts/simsun.ttc><c:/Windows/Fonts/simsu
n.ttc><c:/Windows/Fonts/simhei.ttf><c:/Windows/Fonts/simhei.ttf><c:/Windows/Fon
ts/simsun.ttc><c:/Windows/Fonts/simsun.ttc><c:/Windows/Fonts/simsun.ttc><c:/Win
dows/Fonts/simsun.ttc><c:/Windows/Fonts/simsun.ttc><c:/Windows/Fonts/simsun.ttc
><c:/Windows/Fonts/simsun.ttc><c:/Windows/Fonts/simsun.ttc><c:/Windows/Fonts/si
msun.ttc><c:/Windows/Fonts/simsun.ttc><c:/Windows/Fonts/simsun.ttc><c:/Windows/
Fonts/simsun.ttc><c:/Windows/Fonts/simsun.ttc><c:/Windows/Fonts/simsun.ttc><c:/
Windows/Fonts/simsun.ttc><c:/Windows/Fonts/simsun.ttc><c:/Windows/Fonts/simsun.
ttc><c:/Windows/Fonts/simsun.ttc><c:/Windows/Fonts/simsun.ttc><c:/Windows/Fonts
/simsun.ttc><c:/Windows/Fonts/simsun.ttc><c:/Windows/Fonts/simsun.ttc><c:/Windo
ws/Fonts/simsun.ttc><c:/Windows/Fonts/simsun.ttc><c:/Windows/Fonts/simsun.ttc><
c:/Windows/Fonts/simsun.ttc><c:/Windows/Fonts/simsun.ttc><c:/Windows/Fonts/sims
un.ttc><c:/Windows/Fonts/simsun.ttc><c:/Windows/Fonts/simsun.ttc><c:/Windows/Fo
nts/simsun.ttc><c:/Windows/Fonts/simsun.ttc><c:/Windows/Fonts/simsun.ttc><c:/Wi
ndows/Fonts/simsun.ttc><c:/Windows/Fonts/simsun.ttc><c:/Windows/Fonts/simsun.tt
c><c:/Windows/Fonts/simsun.ttc><c:/Windows/Fonts/simsun.ttc><c:/Windows/Fonts/s
imsun.ttc><c:/Windows/Fonts/simsun.ttc><c:/Windows/Fonts/simsun.ttc><c:/Windows
/Fonts/simsun.ttc><c:/Windows/Fonts/simsun.ttc><c:/Windows/Fonts/simsun.ttc><c:
/Windows/Fonts/simsun.ttc><c:/Windows/Fonts/simsun.ttc><c:/Windows/Fonts/simsun
.ttc><c:/Windows/Fonts/simhei.ttf><c:/Windows/Fonts/simhei.ttf><c:/Windows/Font
s/simhei.ttf><c:/Windows/Fonts/simhei.ttf><c:/texlive/2023/texmf-dist/fonts/typ
e1/public/amsfonts/cm/cmbx10.pfb><c:/texlive/2023/texmf-dist/fonts/type1/public
/amsfonts/cm/cmbx12.pfb><c:/texlive/2023/texmf-dist/fonts/type1/public/amsfonts
/cm/cmex10.pfb><c:/texlive/2023/texmf-dist/fonts/type1/public/amsfonts/cm/cmmi1
0.pfb><c:/texlive/2023/texmf-dist/fonts/type1/public/amsfonts/cm/cmmi5.pfb><c:/
texlive/2023/texmf-dist/fonts/type1/public/amsfonts/cm/cmmi7.pfb><c:/texlive/20
23/texmf-dist/fonts/type1/public/amsfonts/cm/cmr10.pfb><c:/texlive/2023/texmf-d
ist/fonts/type1/public/amsfonts/cm/cmr5.pfb><c:/texlive/2023/texmf-dist/fonts/t
ype1/public/amsfonts/cm/cmr7.pfb><c:/texlive/2023/texmf-dist/fonts/type1/public
/amsfonts/cm/cmsl10.pfb><c:/texlive/2023/texmf-dist/fonts/type1/public/amsfonts
/cm/cmsy10.pfb><c:/texlive/2023/texmf-dist/fonts/type1/public/amsfonts/cm/cmsy7
.pfb><c:/texlive/2023/texmf-dist/fonts/type1/public/cm-super/sfrm1000.pfb>
Output written on "GEONU Docs.pdf" (18 pages, 679070 bytes).
PDF statistics:
 713 PDF objects out of 1000 (max. 8388607)
 500 compressed objects within 5 object streams
 53 named destinations out of 1000 (max. 500000)
 453 words of extra memory for PDF output out of 10000 (max. 10000000)

